#
# There is insufficient memory for the Java Runtime Environment to continue.
# Native memory allocation (malloc) failed to allocate 1766704 bytes for Chunk::new
# Possible reasons:
#   The system is out of physical RAM or swap space
#   The process is running with CompressedOops enabled, and the Java Heap may be blocking the growth of the native heap
# Possible solutions:
#   Reduce memory load on the system
#   Increase physical memory or swap space
#   Check if swap backing store is full
#   Decrease Java heap size (-Xmx/-Xms)
#   Decrease number of Java threads
#   Decrease Java thread stack sizes (-Xss)
#   Set larger code cache with -XX:ReservedCodeCacheSize=
#   JVM is running with Unscaled Compressed Oops mode in which the Java heap is
#     placed in the first 4GB address space. The Java Heap base address is the
#     maximum limit for the native heap growth. Please use -XX:HeapBaseMinAddress
#     to set the Java Heap base and to place the Java Heap above 4GB virtual address.
# This output file may be truncated or incomplete.
#
#  Out of Memory Error (arena.cpp:168), pid=14460, tid=13620
#
# JRE version: OpenJDK Runtime Environment (21.0.1+12) (build 21.0.1+12-29)
# Java VM: OpenJDK 64-Bit Server VM (21.0.1+12-29, mixed mode, sharing, tiered, compressed oops, compressed class ptrs, g1 gc, windows-amd64)
# No core dump will be written. Minidumps are not enabled by default on client versions of Windows
#

---------------  S U M M A R Y ------------

Command Line: -javaagent:C:\Program Files\JetBrains\IntelliJ IDEA Community Edition 2023.2.4\lib\idea_rt.jar=57038:C:\Program Files\JetBrains\IntelliJ IDEA Community Edition 2023.2.4\bin -Dfile.encoding=UTF-8 -Dsun.stdout.encoding=UTF-8 -Dsun.stderr.encoding=UTF-8 --module-path=C:\Users\feday\.m2\repository\org\openjfx\javafx-fxml\17.0.2\javafx-fxml-17.0.2-win.jar;C:\Users\feday\.m2\repository\org\openjfx\javafx-graphics\17.0.2\javafx-graphics-17.0.2-win.jar;C:\Users\feday\.m2\repository\org\openjfx\javafx-controls\17.0.2\javafx-controls-17.0.2-win.jar;C:\Users\feday\.m2\repository\org\openjfx\javafx-base\17.0.2\javafx-base-17.0.2-win.jar;C:\Users\feday\OneDrive\Документы\Д.А. курсовая работа\kurs\target\classes -Djdk.module.main=com.example.kurs com.example.kurs/com.example.kurs.HelloApplication

Host: AMD Athlon 300U with Radeon Vega Mobile Gfx    , 4 cores, 3G,  Windows 11 , 64 bit Build 22621 (10.0.22621.2428)
Time: Thu Nov 23 22:12:50 2023 RTZ 2 (s 11 , 64 bit Build 22621 (10.0.22621.2428) elapsed time: 4.278292 seconds (0d 0h 0m 4s)

---------------  T H R E A D  ---------------

Current thread (0x000001fe21d6f690):  JavaThread "C2 CompilerThread0" daemon [_thread_in_native, id=13620, stack(0x00000025b6a00000,0x00000025b6b00000) (1024K)]


Current CompileTask:
C2:   4278 1526   !   4       com.sun.javafx.css.ParsedValueImpl::readBinary (688 bytes)

Stack: [0x00000025b6a00000,0x00000025b6b00000]
Native frames: (J=compiled Java code, j=interpreted, Vv=VM code, C=native code)
V  [jvm.dll+0x6c9029]
V  [jvm.dll+0x854b81]
V  [jvm.dll+0x856e5e]
V  [jvm.dll+0x857543]
V  [jvm.dll+0x280c06]
V  [jvm.dll+0xc3ead]
V  [jvm.dll+0xc43c3]
V  [jvm.dll+0x3b576c]
V  [jvm.dll+0x382475]
V  [jvm.dll+0x3818ea]
V  [jvm.dll+0x249ad0]
V  [jvm.dll+0x2490b1]
V  [jvm.dll+0x1c9ca1]
V  [jvm.dll+0x2586b9]
V  [jvm.dll+0x256c9a]
V  [jvm.dll+0x3ef1b6]
V  [jvm.dll+0x7fd728]
V  [jvm.dll+0x6c777d]
C  [ucrtbase.dll+0x29363]
C  [KERNEL32.DLL+0x1257d]
C  [ntdll.dll+0x5aa78]


---------------  P R O C E S S  ---------------

Threads class SMR info:
_java_thread_list=0x000001fe67ee9ba0, length=17, elements={
0x000001fe073ed2a0, 0x000001fe21d64fa0, 0x000001fe21d65a80, 0x000001fe21d689b0,
0x000001fe21d6c430, 0x000001fe21d6ce90, 0x000001fe21d6d8f0, 0x000001fe21d6f690,
0x000001fe21d74030, 0x000001fe21d5c900, 0x000001fe67a80330, 0x000001fe67fb1850,
0x000001fe67a0a2b0, 0x000001fe67b39850, 0x000001fe67b3af60, 0x000001fe6824d2e0,
0x000001fe6822d5c0
}

Java Threads: ( => current thread )
  0x000001fe073ed2a0 JavaThread "main"                              [_thread_blocked, id=12276, stack(0x00000025b5c00000,0x00000025b5d00000) (1024K)]
  0x000001fe21d64fa0 JavaThread "Reference Handler"          daemon [_thread_blocked, id=16908, stack(0x00000025b6400000,0x00000025b6500000) (1024K)]
  0x000001fe21d65a80 JavaThread "Finalizer"                  daemon [_thread_blocked, id=6444, stack(0x00000025b6500000,0x00000025b6600000) (1024K)]
  0x000001fe21d689b0 JavaThread "Signal Dispatcher"          daemon [_thread_blocked, id=15196, stack(0x00000025b6600000,0x00000025b6700000) (1024K)]
  0x000001fe21d6c430 JavaThread "Attach Listener"            daemon [_thread_blocked, id=7616, stack(0x00000025b6700000,0x00000025b6800000) (1024K)]
  0x000001fe21d6ce90 JavaThread "Service Thread"             daemon [_thread_blocked, id=7000, stack(0x00000025b6800000,0x00000025b6900000) (1024K)]
  0x000001fe21d6d8f0 JavaThread "Monitor Deflation Thread"   daemon [_thread_blocked, id=13504, stack(0x00000025b6900000,0x00000025b6a00000) (1024K)]
=>0x000001fe21d6f690 JavaThread "C2 CompilerThread0"         daemon [_thread_in_native, id=13620, stack(0x00000025b6a00000,0x00000025b6b00000) (1024K)]
  0x000001fe21d74030 JavaThread "C1 CompilerThread0"         daemon [_thread_blocked, id=12440, stack(0x00000025b6b00000,0x00000025b6c00000) (1024K)]
  0x000001fe21d5c900 JavaThread "Common-Cleaner"             daemon [_thread_blocked, id=14716, stack(0x00000025b6c00000,0x00000025b6d00000) (1024K)]
  0x000001fe67a80330 JavaThread "Monitor Ctrl-Break"         daemon [_thread_in_native, id=8612, stack(0x00000025b6d00000,0x00000025b6e00000) (1024K)]
  0x000001fe67fb1850 JavaThread "Notification Thread"        daemon [_thread_blocked, id=16092, stack(0x00000025b6e00000,0x00000025b6f00000) (1024K)]
  0x000001fe67a0a2b0 JavaThread "QuantumRenderer-0"          daemon [_thread_blocked, id=17096, stack(0x00000025b7200000,0x00000025b7300000) (1024K)]
  0x000001fe67b39850 JavaThread "InvokeLaterDispatcher"      daemon [_thread_blocked, id=14612, stack(0x00000025b7600000,0x00000025b7700000) (1024K)]
  0x000001fe67b3af60 JavaThread "JavaFX Application Thread"         [_thread_in_Java, id=9076, stack(0x00000025b7700000,0x00000025b7800000) (1024K)]
  0x000001fe6824d2e0 JavaThread "Thread-1"                   daemon [_thread_in_native, id=13660, stack(0x00000025b7c00000,0x00000025b7d00000) (1024K)]
  0x000001fe6822d5c0 JavaThread "JavaFX-Launcher"                   [_thread_blocked, id=13552, stack(0x00000025b7d00000,0x00000025b7e00000) (1024K)]
Total: 17

Other Threads:
  0x000001fe074acc10 VMThread "VM Thread"                           [id=16160, stack(0x00000025b6300000,0x00000025b6400000) (1024K)]
  0x000001fe074926c0 WatcherThread "VM Periodic Task Thread"        [id=15980, stack(0x00000025b6200000,0x00000025b6300000) (1024K)]
  0x000001fe07423d40 WorkerThread "GC Thread#0"                     [id=3472, stack(0x00000025b5d00000,0x00000025b5e00000) (1024K)]
  0x000001fe67bb3ca0 WorkerThread "GC Thread#1"                     [id=11700, stack(0x00000025b6f00000,0x00000025b7000000) (1024K)]
  0x000001fe677bbe40 WorkerThread "GC Thread#2"                     [id=7916, stack(0x00000025b7000000,0x00000025b7100000) (1024K)]
  0x000001fe68330840 WorkerThread "GC Thread#3"                     [id=14968, stack(0x00000025b7100000,0x00000025b7200000) (1024K)]
  0x000001fe0742bba0 ConcurrentGCThread "G1 Main Marker"            [id=1572, stack(0x00000025b5e00000,0x00000025b5f00000) (1024K)]
  0x000001fe0742ca00 WorkerThread "G1 Conc#0"                       [id=16584, stack(0x00000025b5f00000,0x00000025b6000000) (1024K)]
  0x000001fe074849c0 ConcurrentGCThread "G1 Refine#0"               [id=11528, stack(0x00000025b6000000,0x00000025b6100000) (1024K)]
  0x000001fe07485530 ConcurrentGCThread "G1 Service"                [id=8512, stack(0x00000025b6100000,0x00000025b6200000) (1024K)]
Total: 10

Threads with active compile tasks:
C2 CompilerThread0     4362 1526   !   4       com.sun.javafx.css.ParsedValueImpl::readBinary (688 bytes)
Total: 1

VM state: not at safepoint (normal execution)

VM Mutex/Monitor currently owned by a thread: None

Heap address: 0x00000000c8c00000, size: 884 MB, Compressed Oops mode: 32-bit

CDS archive(s) mapped at: [0x000001fe22000000-0x000001fe22c90000-0x000001fe22c90000), size 13172736, SharedBaseAddress: 0x000001fe22000000, ArchiveRelocationMode: 1.
Compressed class space mapped at: 0x000001fe23000000-0x000001fe63000000, reserved size: 1073741824
Narrow klass base: 0x000001fe22000000, Narrow klass shift: 0, Narrow klass range: 0x100000000

GC Precious Log:
 CardTable entry size: 512
 Card Set container configuration: InlinePtr #cards 5 size 8 Array Of Cards #cards 12 size 40 Howl #buckets 4 coarsen threshold 1843 Howl Bitmap #cards 512 size 80 coarsen threshold 460 Card regions per heap region 1 cards per card region 2048
 CPUs: 4 total, 4 available
 Memory: 3530M
 Large Page Support: Disabled
 NUMA Support: Disabled
 Compressed Oops: Enabled (32-bit)
 Heap Region Size: 1M
 Heap Min Capacity: 8M
 Heap Initial Capacity: 56M
 Heap Max Capacity: 884M
 Pre-touch: Disabled
 Parallel Workers: 4
 Concurrent Workers: 1
 Concurrent Refinement Workers: 4
 Periodic GC: Disabled

Heap:
 garbage-first heap   total 57344K, used 25042K [0x00000000c8c00000, 0x0000000100000000)
  region size 1024K, 22 young (22528K), 2 survivors (2048K)
 Metaspace       used 11156K, committed 11456K, reserved 1114112K
  class space    used 1472K, committed 1600K, reserved 1048576K

Heap Regions: E=young(eden), S=young(survivor), O=old, HS=humongous(starts), HC=humongous(continues), CS=collection set, F=free, TAMS=top-at-mark-start, PB=parsable bottom
|   0|0x00000000c8c00000, 0x00000000c8d00000, 0x00000000c8d00000|100%| O|  |TAMS 0x00000000c8c00000| PB 0x00000000c8c00000| Untracked 
|   1|0x00000000c8d00000, 0x00000000c8e00000, 0x00000000c8e00000|100%| O|  |TAMS 0x00000000c8d00000| PB 0x00000000c8d00000| Untracked 
|   2|0x00000000c8e00000, 0x00000000c8ef3fe0, 0x00000000c8f00000| 95%| O|  |TAMS 0x00000000c8e00000| PB 0x00000000c8e00000| Untracked 
|   3|0x00000000c8f00000, 0x00000000c9000000, 0x00000000c9000000|100%|HS|  |TAMS 0x00000000c8f00000| PB 0x00000000c8f00000| Complete 
|   4|0x00000000c9000000, 0x00000000c9100000, 0x00000000c9100000|100%|HC|  |TAMS 0x00000000c9000000| PB 0x00000000c9000000| Complete 
|   5|0x00000000c9100000, 0x00000000c9100000, 0x00000000c9200000|  0%| F|  |TAMS 0x00000000c9100000| PB 0x00000000c9100000| Untracked 
|   6|0x00000000c9200000, 0x00000000c9200000, 0x00000000c9300000|  0%| F|  |TAMS 0x00000000c9200000| PB 0x00000000c9200000| Untracked 
|   7|0x00000000c9300000, 0x00000000c9300000, 0x00000000c9400000|  0%| F|  |TAMS 0x00000000c9300000| PB 0x00000000c9300000| Untracked 
|   8|0x00000000c9400000, 0x00000000c9400000, 0x00000000c9500000|  0%| F|  |TAMS 0x00000000c9400000| PB 0x00000000c9400000| Untracked 
|   9|0x00000000c9500000, 0x00000000c9500000, 0x00000000c9600000|  0%| F|  |TAMS 0x00000000c9500000| PB 0x00000000c9500000| Untracked 
|  10|0x00000000c9600000, 0x00000000c9600000, 0x00000000c9700000|  0%| F|  |TAMS 0x00000000c9600000| PB 0x00000000c9600000| Untracked 
|  11|0x00000000c9700000, 0x00000000c9700000, 0x00000000c9800000|  0%| F|  |TAMS 0x00000000c9700000| PB 0x00000000c9700000| Untracked 
|  12|0x00000000c9800000, 0x00000000c9800000, 0x00000000c9900000|  0%| F|  |TAMS 0x00000000c9800000| PB 0x00000000c9800000| Untracked 
|  13|0x00000000c9900000, 0x00000000c9900000, 0x00000000c9a00000|  0%| F|  |TAMS 0x00000000c9900000| PB 0x00000000c9900000| Untracked 
|  14|0x00000000c9a00000, 0x00000000c9a00000, 0x00000000c9b00000|  0%| F|  |TAMS 0x00000000c9a00000| PB 0x00000000c9a00000| Untracked 
|  15|0x00000000c9b00000, 0x00000000c9b00000, 0x00000000c9c00000|  0%| F|  |TAMS 0x00000000c9b00000| PB 0x00000000c9b00000| Untracked 
|  16|0x00000000c9c00000, 0x00000000c9c00000, 0x00000000c9d00000|  0%| F|  |TAMS 0x00000000c9c00000| PB 0x00000000c9c00000| Untracked 
|  17|0x00000000c9d00000, 0x00000000c9d00000, 0x00000000c9e00000|  0%| F|  |TAMS 0x00000000c9d00000| PB 0x00000000c9d00000| Untracked 
|  18|0x00000000c9e00000, 0x00000000c9e00000, 0x00000000c9f00000|  0%| F|  |TAMS 0x00000000c9e00000| PB 0x00000000c9e00000| Untracked 
|  19|0x00000000c9f00000, 0x00000000c9f00000, 0x00000000ca000000|  0%| F|  |TAMS 0x00000000c9f00000| PB 0x00000000c9f00000| Untracked 
|  20|0x00000000ca000000, 0x00000000ca000000, 0x00000000ca100000|  0%| F|  |TAMS 0x00000000ca000000| PB 0x00000000ca000000| Untracked 
|  21|0x00000000ca100000, 0x00000000ca100000, 0x00000000ca200000|  0%| F|  |TAMS 0x00000000ca100000| PB 0x00000000ca100000| Untracked 
|  22|0x00000000ca200000, 0x00000000ca200000, 0x00000000ca300000|  0%| F|  |TAMS 0x00000000ca200000| PB 0x00000000ca200000| Untracked 
|  23|0x00000000ca300000, 0x00000000ca300000, 0x00000000ca400000|  0%| F|  |TAMS 0x00000000ca300000| PB 0x00000000ca300000| Untracked 
|  24|0x00000000ca400000, 0x00000000ca400000, 0x00000000ca500000|  0%| F|  |TAMS 0x00000000ca400000| PB 0x00000000ca400000| Untracked 
|  25|0x00000000ca500000, 0x00000000ca500000, 0x00000000ca600000|  0%| F|  |TAMS 0x00000000ca500000| PB 0x00000000ca500000| Untracked 
|  26|0x00000000ca600000, 0x00000000ca600000, 0x00000000ca700000|  0%| F|  |TAMS 0x00000000ca600000| PB 0x00000000ca600000| Untracked 
|  27|0x00000000ca700000, 0x00000000ca700000, 0x00000000ca800000|  0%| F|  |TAMS 0x00000000ca700000| PB 0x00000000ca700000| Untracked 
|  28|0x00000000ca800000, 0x00000000ca800000, 0x00000000ca900000|  0%| F|  |TAMS 0x00000000ca800000| PB 0x00000000ca800000| Untracked 
|  29|0x00000000ca900000, 0x00000000ca900000, 0x00000000caa00000|  0%| F|  |TAMS 0x00000000ca900000| PB 0x00000000ca900000| Untracked 
|  30|0x00000000caa00000, 0x00000000caa00000, 0x00000000cab00000|  0%| F|  |TAMS 0x00000000caa00000| PB 0x00000000caa00000| Untracked 
|  31|0x00000000cab00000, 0x00000000cab00000, 0x00000000cac00000|  0%| F|  |TAMS 0x00000000cab00000| PB 0x00000000cab00000| Untracked 
|  32|0x00000000cac00000, 0x00000000cac00000, 0x00000000cad00000|  0%| F|  |TAMS 0x00000000cac00000| PB 0x00000000cac00000| Untracked 
|  33|0x00000000cad00000, 0x00000000cad00000, 0x00000000cae00000|  0%| F|  |TAMS 0x00000000cad00000| PB 0x00000000cad00000| Untracked 
|  34|0x00000000cae00000, 0x00000000cae80b60, 0x00000000caf00000| 50%| S|CS|TAMS 0x00000000cae00000| PB 0x00000000cae00000| Complete 
|  35|0x00000000caf00000, 0x00000000cb000000, 0x00000000cb000000|100%| S|CS|TAMS 0x00000000caf00000| PB 0x00000000caf00000| Complete 
|  36|0x00000000cb000000, 0x00000000cb060a58, 0x00000000cb100000| 37%| E|  |TAMS 0x00000000cb000000| PB 0x00000000cb000000| Complete 
|  37|0x00000000cb100000, 0x00000000cb200000, 0x00000000cb200000|100%| E|CS|TAMS 0x00000000cb100000| PB 0x00000000cb100000| Complete 
|  38|0x00000000cb200000, 0x00000000cb300000, 0x00000000cb300000|100%| E|CS|TAMS 0x00000000cb200000| PB 0x00000000cb200000| Complete 
|  39|0x00000000cb300000, 0x00000000cb400000, 0x00000000cb400000|100%| E|CS|TAMS 0x00000000cb300000| PB 0x00000000cb300000| Complete 
|  40|0x00000000cb400000, 0x00000000cb500000, 0x00000000cb500000|100%| E|CS|TAMS 0x00000000cb400000| PB 0x00000000cb400000| Complete 
|  41|0x00000000cb500000, 0x00000000cb600000, 0x00000000cb600000|100%| E|CS|TAMS 0x00000000cb500000| PB 0x00000000cb500000| Complete 
|  42|0x00000000cb600000, 0x00000000cb700000, 0x00000000cb700000|100%| E|CS|TAMS 0x00000000cb600000| PB 0x00000000cb600000| Complete 
|  43|0x00000000cb700000, 0x00000000cb800000, 0x00000000cb800000|100%| E|CS|TAMS 0x00000000cb700000| PB 0x00000000cb700000| Complete 
|  44|0x00000000cb800000, 0x00000000cb900000, 0x00000000cb900000|100%| E|CS|TAMS 0x00000000cb800000| PB 0x00000000cb800000| Complete 
|  45|0x00000000cb900000, 0x00000000cba00000, 0x00000000cba00000|100%| E|CS|TAMS 0x00000000cb900000| PB 0x00000000cb900000| Complete 
|  46|0x00000000cba00000, 0x00000000cbb00000, 0x00000000cbb00000|100%| E|CS|TAMS 0x00000000cba00000| PB 0x00000000cba00000| Complete 
|  47|0x00000000cbb00000, 0x00000000cbc00000, 0x00000000cbc00000|100%| E|CS|TAMS 0x00000000cbb00000| PB 0x00000000cbb00000| Complete 
|  48|0x00000000cbc00000, 0x00000000cbd00000, 0x00000000cbd00000|100%| E|CS|TAMS 0x00000000cbc00000| PB 0x00000000cbc00000| Complete 
|  49|0x00000000cbd00000, 0x00000000cbe00000, 0x00000000cbe00000|100%| E|CS|TAMS 0x00000000cbd00000| PB 0x00000000cbd00000| Complete 
|  50|0x00000000cbe00000, 0x00000000cbf00000, 0x00000000cbf00000|100%| E|  |TAMS 0x00000000cbe00000| PB 0x00000000cbe00000| Complete 
|  51|0x00000000cbf00000, 0x00000000cc000000, 0x00000000cc000000|100%| E|CS|TAMS 0x00000000cbf00000| PB 0x00000000cbf00000| Complete 
|  52|0x00000000cc000000, 0x00000000cc100000, 0x00000000cc100000|100%| E|CS|TAMS 0x00000000cc000000| PB 0x00000000cc000000| Complete 
|  53|0x00000000cc100000, 0x00000000cc200000, 0x00000000cc200000|100%| E|CS|TAMS 0x00000000cc100000| PB 0x00000000cc100000| Complete 
|  54|0x00000000cc200000, 0x00000000cc300000, 0x00000000cc300000|100%| E|CS|TAMS 0x00000000cc200000| PB 0x00000000cc200000| Complete 
|  55|0x00000000cc300000, 0x00000000cc400000, 0x00000000cc400000|100%| E|CS|TAMS 0x00000000cc300000| PB 0x00000000cc300000| Complete 

Card table byte_map: [0x000001fe1e840000,0x000001fe1ea00000] _byte_map_base: 0x000001fe1e1fa000

Marking Bits: (CMBitMap*) 0x000001fe07424440
 Bits: [0x000001fe1ea00000, 0x000001fe1f7d0000)

Polling page: 0x000001fe05350000

Metaspace:

Usage:
  Non-class:      9.47 MB used.
      Class:      1.44 MB used.
       Both:     10.92 MB used.

Virtual space:
  Non-class space:       64.00 MB reserved,       9.62 MB ( 15%) committed,  1 nodes.
      Class space:        1.00 GB reserved,       1.62 MB ( <1%) committed,  1 nodes.
             Both:        1.06 GB reserved,      11.25 MB (  1%) committed. 

Chunk freelists:
   Non-Class:  6.39 MB
       Class:  14.36 MB
        Both:  20.75 MB

MaxMetaspaceSize: unlimited
CompressedClassSpaceSize: 1.00 GB
Initial GC threshold: 21.00 MB
Current GC threshold: 21.00 MB
CDS: on
 - commit_granule_bytes: 65536.
 - commit_granule_words: 8192.
 - virtual_space_node_default_size: 8388608.
 - enlarge_chunks_in_place: 1.
 - use_allocation_guard: 0.


Internal statistics:

num_allocs_failed_limit: 0.
num_arena_births: 312.
num_arena_deaths: 0.
num_vsnodes_births: 2.
num_vsnodes_deaths: 0.
num_space_committed: 180.
num_space_uncommitted: 0.
num_chunks_returned_to_freelist: 0.
num_chunks_taken_from_freelist: 639.
num_chunk_merges: 0.
num_chunk_splits: 424.
num_chunks_enlarged: 287.
num_inconsistent_stats: 0.

CodeHeap 'non-profiled nmethods': size=120000Kb used=603Kb max_used=603Kb free=119396Kb
 bounds [0x000001fe17310000, 0x000001fe17580000, 0x000001fe1e840000]
CodeHeap 'profiled nmethods': size=120000Kb used=3022Kb max_used=3022Kb free=116977Kb
 bounds [0x000001fe0f840000, 0x000001fe0fb40000, 0x000001fe16d70000]
CodeHeap 'non-nmethods': size=5760Kb used=1600Kb max_used=1600Kb free=4159Kb
 bounds [0x000001fe16d70000, 0x000001fe16fe0000, 0x000001fe17310000]
 total_blobs=2320 nmethods=1662 adapters=563
 compilation: enabled
              stopped_count=0, restarted_count=0
 full_count=0

Compilation events (20 events):
Event: 4.154 Thread 0x000001fe21d74030 1618       3       java.lang.invoke.MethodHandles$Lookup::getDirectMethodCommon (300 bytes)
Event: 4.157 Thread 0x000001fe21d74030 nmethod 1618 0x000001fe0fb17e90 code [0x000001fe0fb18200, 0x000001fe0fb19408]
Event: 4.157 Thread 0x000001fe21d74030 1619       3       java.lang.invoke.MethodHandles$Lookup::maybeBindCaller (72 bytes)
Event: 4.158 Thread 0x000001fe21d74030 nmethod 1619 0x000001fe0fb19a10 code [0x000001fe0fb19c40, 0x000001fe0fb1a408]
Event: 4.158 Thread 0x000001fe21d74030 1620       3       java.lang.invoke.BoundMethodHandle$SpeciesData::extendWith (64 bytes)
Event: 4.159 Thread 0x000001fe21d74030 nmethod 1620 0x000001fe0fb1a710 code [0x000001fe0fb1a960, 0x000001fe0fb1b300]
Event: 4.251 Thread 0x000001fe21d74030 1621       3       java.util.HashMap$ValueIterator::next (8 bytes)
Event: 4.252 Thread 0x000001fe21d74030 nmethod 1621 0x000001fe0fb1b610 code [0x000001fe0fb1b7c0, 0x000001fe0fb1b908]
Event: 4.252 Thread 0x000001fe21d74030 1623       3       com.sun.javafx.css.BitSet::containsAll (103 bytes)
Event: 4.252 Thread 0x000001fe21d74030 nmethod 1623 0x000001fe0fb1ba10 code [0x000001fe0fb1bc00, 0x000001fe0fb1c180]
Event: 4.252 Thread 0x000001fe21d74030 1622       3       com.sun.javafx.css.StyleClassSet::containsAll (6 bytes)
Event: 4.252 Thread 0x000001fe21d74030 nmethod 1622 0x000001fe0fb1c310 code [0x000001fe0fb1c4c0, 0x000001fe0fb1c608]
Event: 4.261 Thread 0x000001fe21d74030 1624       3       javafx.beans.property.ObjectPropertyBase::get (29 bytes)
Event: 4.261 Thread 0x000001fe21d74030 nmethod 1624 0x000001fe0fb1c690 code [0x000001fe0fb1c840, 0x000001fe0fb1ca70]
Event: 4.271 Thread 0x000001fe21d74030 1625       3       java.lang.invoke.MethodHandleNatives::refKindIsGetter (32 bytes)
Event: 4.271 Thread 0x000001fe21d74030 nmethod 1625 0x000001fe0fb1cb10 code [0x000001fe0fb1cca0, 0x000001fe0fb1cdf8]
Event: 4.272 Thread 0x000001fe21d74030 1626       3       java.lang.invoke.InvokerBytecodeGenerator::assertStaticType (58 bytes)
Event: 4.272 Thread 0x000001fe21d74030 nmethod 1626 0x000001fe0fb1ce90 code [0x000001fe0fb1d080, 0x000001fe0fb1d588]
Event: 4.273 Thread 0x000001fe21d74030 1629       3       java.lang.invoke.LambdaForm::useCount (61 bytes)
Event: 4.274 Thread 0x000001fe21d74030 nmethod 1629 0x000001fe0fb1d790 code [0x000001fe0fb1d960, 0x000001fe0fb1dcc8]

GC Heap History (4 events):
Event: 1.989 GC heap before
{Heap before GC invocations=0 (full 0):
 garbage-first heap   total 57344K, used 12288K [0x00000000c8c00000, 0x0000000100000000)
  region size 1024K, 13 young (13312K), 0 survivors (0K)
 Metaspace       used 2679K, committed 2816K, reserved 1114112K
  class space    used 273K, committed 320K, reserved 1048576K
}
Event: 1.998 GC heap after
{Heap after GC invocations=1 (full 0):
 garbage-first heap   total 57344K, used 3064K [0x00000000c8c00000, 0x0000000100000000)
  region size 1024K, 2 young (2048K), 2 survivors (2048K)
 Metaspace       used 2679K, committed 2816K, reserved 1114112K
  class space    used 273K, committed 320K, reserved 1048576K
}
Event: 3.305 GC heap before
{Heap before GC invocations=1 (full 0):
 garbage-first heap   total 57344K, used 20472K [0x00000000c8c00000, 0x0000000100000000)
  region size 1024K, 20 young (20480K), 2 survivors (2048K)
 Metaspace       used 7845K, committed 8000K, reserved 1114112K
  class space    used 948K, committed 1024K, reserved 1048576K
}
Event: 3.311 GC heap after
{Heap after GC invocations=2 (full 0):
 garbage-first heap   total 57344K, used 4562K [0x00000000c8c00000, 0x0000000100000000)
  region size 1024K, 2 young (2048K), 2 survivors (2048K)
 Metaspace       used 7845K, committed 8000K, reserved 1114112K
  class space    used 948K, committed 1024K, reserved 1048576K
}

Dll operation events (20 events):
Event: 2.121 Loaded shared library C:\Users\feday\.openjfx\cache\17.0.2-ea\api-ms-win-crt-filesystem-l1-1-0.dll
Event: 2.131 Loaded shared library C:\Users\feday\.openjfx\cache\17.0.2-ea\api-ms-win-crt-heap-l1-1-0.dll
Event: 2.138 Loaded shared library C:\Users\feday\.openjfx\cache\17.0.2-ea\api-ms-win-crt-locale-l1-1-0.dll
Event: 2.156 Loaded shared library C:\Users\feday\.openjfx\cache\17.0.2-ea\api-ms-win-crt-math-l1-1-0.dll
Event: 2.166 Loaded shared library C:\Users\feday\.openjfx\cache\17.0.2-ea\api-ms-win-crt-multibyte-l1-1-0.dll
Event: 2.173 Loaded shared library C:\Users\feday\.openjfx\cache\17.0.2-ea\api-ms-win-crt-private-l1-1-0.dll
Event: 2.181 Loaded shared library C:\Users\feday\.openjfx\cache\17.0.2-ea\api-ms-win-crt-process-l1-1-0.dll
Event: 2.188 Loaded shared library C:\Users\feday\.openjfx\cache\17.0.2-ea\api-ms-win-crt-runtime-l1-1-0.dll
Event: 2.199 Loaded shared library C:\Users\feday\.openjfx\cache\17.0.2-ea\api-ms-win-crt-stdio-l1-1-0.dll
Event: 2.205 Loaded shared library C:\Users\feday\.openjfx\cache\17.0.2-ea\api-ms-win-crt-string-l1-1-0.dll
Event: 2.215 Loaded shared library C:\Users\feday\.openjfx\cache\17.0.2-ea\api-ms-win-crt-time-l1-1-0.dll
Event: 2.231 Loaded shared library C:\Users\feday\.openjfx\cache\17.0.2-ea\api-ms-win-crt-utility-l1-1-0.dll
Event: 2.270 Loaded shared library C:\Users\feday\.openjfx\cache\17.0.2-ea\ucrtbase.dll
Event: 2.282 Loaded shared library C:\Users\feday\.openjfx\cache\17.0.2-ea\vcruntime140.dll
Event: 2.290 Loaded shared library C:\Users\feday\.openjfx\cache\17.0.2-ea\vcruntime140_1.dll
Event: 2.312 Loaded shared library C:\Users\feday\.openjfx\cache\17.0.2-ea\msvcp140.dll
Event: 2.563 Loaded shared library C:\Users\feday\.openjfx\cache\17.0.2-ea\prism_d3d.dll
Event: 2.853 Loaded shared library C:\Users\feday\.openjfx\cache\17.0.2-ea\glass.dll
Event: 3.404 Loaded shared library C:\Users\feday\.openjfx\cache\17.0.2-ea\javafx_iio.dll
Event: 3.804 Loaded shared library C:\Users\feday\.openjfx\cache\17.0.2-ea\javafx_font.dll

Deoptimization events (20 events):
Event: 4.085 Thread 0x000001fe67b3af60 Uncommon trap: trap_request=0xffffffc6 fr.pc=0x000001fe1737884c relative=0x00000000000002ec
Event: 4.085 Thread 0x000001fe67b3af60 Uncommon trap: reason=bimorphic_or_optimized_type_check action=maybe_recompile pc=0x000001fe1737884c method=java.util.concurrent.ConcurrentHashMap.get(Ljava/lang/Object;)Ljava/lang/Object; @ 149 c2
Event: 4.085 Thread 0x000001fe67b3af60 DEOPT PACKING pc=0x000001fe1737884c sp=0x00000025b77fd780
Event: 4.085 Thread 0x000001fe67b3af60 DEOPT UNPACKING pc=0x000001fe16dc46a2 sp=0x00000025b77fd700 mode 2
Event: 4.085 Thread 0x000001fe67b3af60 Uncommon trap: trap_request=0xffffffc6 fr.pc=0x000001fe1737884c relative=0x00000000000002ec
Event: 4.085 Thread 0x000001fe67b3af60 Uncommon trap: reason=bimorphic_or_optimized_type_check action=maybe_recompile pc=0x000001fe1737884c method=java.util.concurrent.ConcurrentHashMap.get(Ljava/lang/Object;)Ljava/lang/Object; @ 149 c2
Event: 4.085 Thread 0x000001fe67b3af60 DEOPT PACKING pc=0x000001fe1737884c sp=0x00000025b77fd780
Event: 4.085 Thread 0x000001fe67b3af60 DEOPT UNPACKING pc=0x000001fe16dc46a2 sp=0x00000025b77fd700 mode 2
Event: 4.151 Thread 0x000001fe67b3af60 Uncommon trap: trap_request=0xffffff45 fr.pc=0x000001fe1739afa0 relative=0x0000000000000920
Event: 4.151 Thread 0x000001fe67b3af60 Uncommon trap: reason=unstable_if action=reinterpret pc=0x000001fe1739afa0 method=java.io.BufferedInputStream.implRead([BII)I @ 55 c2
Event: 4.151 Thread 0x000001fe67b3af60 DEOPT PACKING pc=0x000001fe1739afa0 sp=0x00000025b77fdc70
Event: 4.151 Thread 0x000001fe67b3af60 DEOPT UNPACKING pc=0x000001fe16dc46a2 sp=0x00000025b77fdc28 mode 2
Event: 4.251 Thread 0x000001fe67b3af60 Uncommon trap: trap_request=0xffffff45 fr.pc=0x000001fe17332580 relative=0x00000000000003a0
Event: 4.251 Thread 0x000001fe67b3af60 Uncommon trap: reason=unstable_if action=reinterpret pc=0x000001fe17332580 method=java.util.HashMap.hash(Ljava/lang/Object;)I @ 1 c2
Event: 4.251 Thread 0x000001fe67b3af60 DEOPT PACKING pc=0x000001fe17332580 sp=0x00000025b77fdb60
Event: 4.251 Thread 0x000001fe67b3af60 DEOPT UNPACKING pc=0x000001fe16dc46a2 sp=0x00000025b77fdaa0 mode 2
Event: 4.261 Thread 0x000001fe67b3af60 Uncommon trap: trap_request=0xffffff45 fr.pc=0x000001fe173a044c relative=0x000000000000058c
Event: 4.261 Thread 0x000001fe67b3af60 Uncommon trap: reason=unstable_if action=reinterpret pc=0x000001fe173a044c method=java.util.HashMap.hash(Ljava/lang/Object;)I @ 1 c2
Event: 4.261 Thread 0x000001fe67b3af60 DEOPT PACKING pc=0x000001fe173a044c sp=0x00000025b77fdb70
Event: 4.261 Thread 0x000001fe67b3af60 DEOPT UNPACKING pc=0x000001fe16dc46a2 sp=0x00000025b77fda08 mode 2

Classes loaded (20 events):
Event: 3.937 Loading class java/util/AbstractList$ListItr
Event: 3.937 Loading class java/util/AbstractList$ListItr done
Event: 4.048 Loading class java/util/WeakHashMap$Values
Event: 4.048 Loading class java/util/WeakHashMap$Values done
Event: 4.048 Loading class java/util/WeakHashMap$ValueIterator
Event: 4.048 Loading class java/util/WeakHashMap$ValueIterator done
Event: 4.050 Loading class java/lang/CloneNotSupportedException
Event: 4.050 Loading class java/lang/CloneNotSupportedException done
Event: 4.058 Loading class java/lang/annotation/Documented
Event: 4.059 Loading class java/lang/annotation/Documented done
Event: 4.061 Loading class java/lang/reflect/UndeclaredThrowableException
Event: 4.061 Loading class java/lang/reflect/UndeclaredThrowableException done
Event: 4.063 Loading class java/lang/Class$AnnotationData
Event: 4.063 Loading class java/lang/Class$AnnotationData done
Event: 4.151 Loading class com/sun/org/apache/xerces/internal/impl/io/MalformedByteSequenceException
Event: 4.152 Loading class java/io/CharConversionException
Event: 4.152 Loading class java/io/CharConversionException done
Event: 4.152 Loading class com/sun/org/apache/xerces/internal/impl/io/MalformedByteSequenceException done
Event: 4.265 Loading class java/io/CharArrayReader
Event: 4.266 Loading class java/io/CharArrayReader done

Classes unloaded (0 events):
No events

Classes redefined (0 events):
No events

Internal exceptions (20 events):
Event: 3.150 Thread 0x000001fe67b3af60 Exception <a 'sun/nio/fs/WindowsException'{0x00000000cb46a600}> (0x00000000cb46a600) 
thrown [s\open\src\hotspot\share\prims\jni.cpp, line 520]
Event: 3.244 Thread 0x000001fe67b3af60 Exception <a 'java/lang/NoSuchMethodError'{0x00000000cb174f88}: 'java.lang.Object java.lang.invoke.DirectMethodHandle$Holder.invokeStaticInit(java.lang.Object, java.lang.Object, java.lang.Object, java.lang.Object)'> (0x00000000cb174f88) 
thrown [s\open\src\hotspot\share\interpreter\linkResolver.cpp, line 773]
Event: 3.245 Thread 0x000001fe67b3af60 Exception <a 'java/lang/NullPointerException'{0x00000000cb189e90}> (0x00000000cb189e90) 
thrown [s\open\src\hotspot\share\interpreter\linkResolver.cpp, line 1372]
Event: 3.263 Thread 0x000001fe67b3af60 Exception <a 'sun/nio/fs/WindowsException'{0x00000000cb01d240}> (0x00000000cb01d240) 
thrown [s\open\src\hotspot\share\prims\jni.cpp, line 520]
Event: 3.279 Thread 0x000001fe67b3af60 Exception <a 'java/lang/ClassNotFoundException'{0x00000000cb03e958}: sun/util/logging/resources/spi/loggingProvider> (0x00000000cb03e958) 
thrown [s\open\src\hotspot\share\classfile\systemDictionary.cpp, line 312]
Event: 3.417 Thread 0x000001fe67b3af60 Exception <a 'java/lang/NoSuchMethodError'{0x00000000cc04f040}: 'void java.lang.invoke.DirectMethodHandle$Holder.invokeSpecial(java.lang.Object, java.lang.Object, double)'> (0x00000000cc04f040) 
thrown [s\open\src\hotspot\share\interpreter\linkResolver.cpp, line 773]
Event: 3.418 Thread 0x000001fe67b3af60 Exception <a 'java/lang/NoSuchMethodError'{0x00000000cc059c28}: 'double java.lang.invoke.DelegatingMethodHandle$Holder.reinvoke_L(java.lang.Object, java.lang.Object, int)'> (0x00000000cc059c28) 
thrown [s\open\src\hotspot\share\interpreter\linkResolver.cpp, line 773]
Event: 3.420 Thread 0x000001fe67b3af60 Exception <a 'java/lang/NoSuchMethodError'{0x00000000cc06bc28}: 'java.lang.Object java.lang.invoke.DirectMethodHandle$Holder.invokeStatic(java.lang.Object, java.lang.Object, java.lang.Object, java.lang.Object, int)'> (0x00000000cc06bc28) 
thrown [s\open\src\hotspot\share\interpreter\linkResolver.cpp, line 773]
Event: 3.422 Thread 0x000001fe67b3af60 Exception <a 'java/lang/NoSuchMethodError'{0x00000000cc076d58}: 'void java.lang.invoke.DelegatingMethodHandle$Holder.reinvoke_L(java.lang.Object, java.lang.Object, double)'> (0x00000000cc076d58) 
thrown [s\open\src\hotspot\share\interpreter\linkResolver.cpp, line 773]
Event: 3.426 Thread 0x000001fe67b3af60 Exception <a 'java/lang/NoSuchMethodError'{0x00000000cc089908}: 'void java.lang.invoke.DirectMethodHandle$Holder.invokeSpecial(java.lang.Object, java.lang.Object, int)'> (0x00000000cc089908) 
thrown [s\open\src\hotspot\share\interpreter\linkResolver.cpp, line 773]
Event: 3.427 Thread 0x000001fe67b3af60 Exception <a 'java/lang/NoSuchMethodError'{0x00000000cc08db40}: 'int java.lang.invoke.DirectMethodHandle$Holder.invokeSpecial(java.lang.Object, java.lang.Object, java.lang.Object, int)'> (0x00000000cc08db40) 
thrown [s\open\src\hotspot\share\interpreter\linkResolver.cpp, line 773]
Event: 3.428 Thread 0x000001fe67b3af60 Exception <a 'java/lang/NoSuchMethodError'{0x00000000cc097a18}: 'void java.lang.invoke.DelegatingMethodHandle$Holder.reinvoke_L(java.lang.Object, java.lang.Object, int)'> (0x00000000cc097a18) 
thrown [s\open\src\hotspot\share\interpreter\linkResolver.cpp, line 773]
Event: 3.428 Thread 0x000001fe67b3af60 Exception <a 'java/lang/NoSuchMethodError'{0x00000000cc09b440}: 'int java.lang.invoke.DirectMethodHandle$Holder.invokeSpecial(java.lang.Object, java.lang.Object, java.lang.Object)'> (0x00000000cc09b440) 
thrown [s\open\src\hotspot\share\interpreter\linkResolver.cpp, line 773]
Event: 3.586 Thread 0x000001fe67b3af60 Exception <a 'java/lang/ClassNotFoundException'{0x00000000cbd388a8}: com/sun/glass/ui/win/themes> (0x00000000cbd388a8) 
thrown [s\open\src\hotspot\share\prims\jni.cpp, line 539]
Event: 3.588 Thread 0x000001fe67b3af60 Exception <a 'java/lang/ClassNotFoundException'{0x00000000cbd408f8}: com/sun/glass/ui/win/themes_ru> (0x00000000cbd408f8) 
thrown [s\open\src\hotspot\share\prims\jni.cpp, line 539]
Event: 3.588 Thread 0x000001fe67b3af60 Exception <a 'java/lang/ClassNotFoundException'{0x00000000cbd416d0}: com/sun/glass/ui/win/themes_ru_RU> (0x00000000cbd416d0) 
thrown [s\open\src\hotspot\share\prims\jni.cpp, line 539]
Event: 4.049 Thread 0x000001fe67b3af60 Exception <a 'java/lang/NoSuchMethodError'{0x00000000cb749700}: 'void java.lang.invoke.DirectMethodHandle$Holder.invokeStaticInit(java.lang.Object, java.lang.Object)'> (0x00000000cb749700) 
thrown [s\open\src\hotspot\share\interpreter\linkResolver.cpp, line 773]
Event: 4.088 Thread 0x000001fe67b3af60 Exception <a 'java/lang/NoSuchMethodError'{0x00000000cb606828}: 'void java.lang.invoke.Invokers$Holder.invokeExact_MT(java.lang.Object, java.lang.Object, java.lang.Object, java.lang.Object)'> (0x00000000cb606828) 
thrown [s\open\src\hotspot\share\interpreter\linkResolver.cpp, line 773]
Event: 4.251 Thread 0x000001fe67b3af60 Implicit null exception at 0x000001fe17332229 to 0x000001fe17332560
Event: 4.261 Thread 0x000001fe67b3af60 Implicit null exception at 0x000001fe1739ff1a to 0x000001fe173a0430

ZGC Phase Switch (0 events):
No events

VM Operations (18 events):
Event: 0.739 Executing VM operation: HandshakeAllThreads (Deoptimize)
Event: 0.739 Executing VM operation: HandshakeAllThreads (Deoptimize) done
Event: 0.749 Executing VM operation: HandshakeAllThreads (Deoptimize)
Event: 0.749 Executing VM operation: HandshakeAllThreads (Deoptimize) done
Event: 0.749 Executing VM operation: HandshakeAllThreads (Deoptimize)
Event: 0.749 Executing VM operation: HandshakeAllThreads (Deoptimize) done
Event: 1.620 Executing VM operation: HandshakeAllThreads (Deoptimize)
Event: 1.621 Executing VM operation: HandshakeAllThreads (Deoptimize) done
Event: 1.621 Executing VM operation: Cleanup
Event: 1.621 Executing VM operation: Cleanup done
Event: 1.989 Executing VM operation: G1CollectForAllocation (G1 Evacuation Pause)
Event: 1.998 Executing VM operation: G1CollectForAllocation (G1 Evacuation Pause) done
Event: 2.698 Executing VM operation: HandshakeAllThreads (Deoptimize)
Event: 2.698 Executing VM operation: HandshakeAllThreads (Deoptimize) done
Event: 3.305 Executing VM operation: G1CollectForAllocation (G1 Evacuation Pause)
Event: 3.312 Executing VM operation: G1CollectForAllocation (G1 Evacuation Pause) done
Event: 3.818 Executing VM operation: HandshakeAllThreads (Deoptimize)
Event: 3.818 Executing VM operation: HandshakeAllThreads (Deoptimize) done

Events (17 events):
Event: 0.097 Thread 0x000001fe073ed2a0 Thread added: 0x000001fe073ed2a0
Event: 0.182 Thread 0x000001fe21d64fa0 Thread added: 0x000001fe21d64fa0
Event: 0.182 Thread 0x000001fe21d65a80 Thread added: 0x000001fe21d65a80
Event: 0.183 Thread 0x000001fe21d689b0 Thread added: 0x000001fe21d689b0
Event: 0.183 Thread 0x000001fe21d6c430 Thread added: 0x000001fe21d6c430
Event: 0.183 Thread 0x000001fe21d6ce90 Thread added: 0x000001fe21d6ce90
Event: 0.183 Thread 0x000001fe21d6d8f0 Thread added: 0x000001fe21d6d8f0
Event: 0.183 Thread 0x000001fe21d6f690 Thread added: 0x000001fe21d6f690
Event: 0.193 Thread 0x000001fe21d74030 Thread added: 0x000001fe21d74030
Event: 0.288 Thread 0x000001fe21d5c900 Thread added: 0x000001fe21d5c900
Event: 1.583 Thread 0x000001fe67a80330 Thread added: 0x000001fe67a80330
Event: 1.583 Thread 0x000001fe67fb1850 Thread added: 0x000001fe67fb1850
Event: 2.402 Thread 0x000001fe67a0a2b0 Thread added: 0x000001fe67a0a2b0
Event: 2.856 Thread 0x000001fe67b39850 Thread added: 0x000001fe67b39850
Event: 2.863 Thread 0x000001fe67b3af60 Thread added: 0x000001fe67b3af60
Event: 3.050 Thread 0x000001fe6824d2e0 Thread added: 0x000001fe6824d2e0
Event: 3.065 Thread 0x000001fe6822d5c0 Thread added: 0x000001fe6822d5c0


Dynamic libraries:
0x00007ff71f380000 - 0x00007ff71f38e000 	C:\Users\feday\.jdks\openjdk-21.0.1\bin\java.exe
0x00007ff9c9e50000 - 0x00007ff9ca067000 	C:\WINDOWS\SYSTEM32\ntdll.dll
0x00007ff9c8650000 - 0x00007ff9c8714000 	C:\WINDOWS\System32\KERNEL32.DLL
0x00007ff9c7290000 - 0x00007ff9c7636000 	C:\WINDOWS\System32\KERNELBASE.dll
0x00007ff9c7760000 - 0x00007ff9c7871000 	C:\WINDOWS\System32\ucrtbase.dll
0x00007ff9b6a50000 - 0x00007ff9b6a6b000 	C:\Users\feday\.jdks\openjdk-21.0.1\bin\VCRUNTIME140.dll
0x00007ff9c0c40000 - 0x00007ff9c0c58000 	C:\Users\feday\.jdks\openjdk-21.0.1\bin\jli.dll
0x00007ff9c9c60000 - 0x00007ff9c9e0d000 	C:\WINDOWS\System32\USER32.dll
0x00007ff9c79f0000 - 0x00007ff9c7a16000 	C:\WINDOWS\System32\win32u.dll
0x00007ff9c8d10000 - 0x00007ff9c8d39000 	C:\WINDOWS\System32\GDI32.dll
0x00007ff9addd0000 - 0x00007ff9ae063000 	C:\WINDOWS\WinSxS\amd64_microsoft.windows.common-controls_6595b64144ccf1df_6.0.22621.2361_none_2712ced57382f843\COMCTL32.dll
0x00007ff9c8940000 - 0x00007ff9c89e7000 	C:\WINDOWS\System32\msvcrt.dll
0x00007ff9c7640000 - 0x00007ff9c7758000 	C:\WINDOWS\System32\gdi32full.dll
0x00007ff9c7a90000 - 0x00007ff9c7b2a000 	C:\WINDOWS\System32\msvcp_win.dll
0x00007ff9c7cd0000 - 0x00007ff9c7d01000 	C:\WINDOWS\System32\IMM32.DLL
0x00007ff9c2470000 - 0x00007ff9c247c000 	C:\Users\feday\.jdks\openjdk-21.0.1\bin\vcruntime140_1.dll
0x00007ff9ab320000 - 0x00007ff9ab3ae000 	C:\Users\feday\.jdks\openjdk-21.0.1\bin\msvcp140.dll
0x00007ff992b80000 - 0x00007ff993895000 	C:\Users\feday\.jdks\openjdk-21.0.1\bin\server\jvm.dll
0x00007ff9c81a0000 - 0x00007ff9c8250000 	C:\WINDOWS\System32\ADVAPI32.dll
0x00007ff9c8380000 - 0x00007ff9c8426000 	C:\WINDOWS\System32\sechost.dll
0x00007ff9c8430000 - 0x00007ff9c8547000 	C:\WINDOWS\System32\RPCRT4.dll
0x00007ff9c8e20000 - 0x00007ff9c8e91000 	C:\WINDOWS\System32\WS2_32.dll
0x00007ff9c70a0000 - 0x00007ff9c70ed000 	C:\WINDOWS\SYSTEM32\POWRPROF.dll
0x00007ff9bfd80000 - 0x00007ff9bfd8a000 	C:\WINDOWS\SYSTEM32\VERSION.dll
0x00007ff9c0ba0000 - 0x00007ff9c0bd4000 	C:\WINDOWS\SYSTEM32\WINMM.dll
0x00007ff9c7080000 - 0x00007ff9c7093000 	C:\WINDOWS\SYSTEM32\UMPDC.dll
0x00007ff9c6210000 - 0x00007ff9c6228000 	C:\WINDOWS\SYSTEM32\kernel.appcore.dll
0x00007ff9bc980000 - 0x00007ff9bc98a000 	C:\Users\feday\.jdks\openjdk-21.0.1\bin\jimage.dll
0x00007ff9c4bf0000 - 0x00007ff9c4e1e000 	C:\WINDOWS\SYSTEM32\DBGHELP.DLL
0x00007ff9c7d10000 - 0x00007ff9c809a000 	C:\WINDOWS\System32\combase.dll
0x00007ff9c8d40000 - 0x00007ff9c8e17000 	C:\WINDOWS\System32\OLEAUT32.dll
0x00007ff9b6950000 - 0x00007ff9b6982000 	C:\WINDOWS\SYSTEM32\dbgcore.DLL
0x00007ff9c7b30000 - 0x00007ff9c7baa000 	C:\WINDOWS\System32\bcryptPrimitives.dll
0x00007ff9c0da0000 - 0x00007ff9c0daf000 	C:\Users\feday\.jdks\openjdk-21.0.1\bin\instrument.dll
0x00007ff9b6110000 - 0x00007ff9b612f000 	C:\Users\feday\.jdks\openjdk-21.0.1\bin\java.dll
0x00007ff9c8ef0000 - 0x00007ff9c9748000 	C:\WINDOWS\System32\SHELL32.dll
0x00007ff9c5130000 - 0x00007ff9c5a22000 	C:\WINDOWS\SYSTEM32\windows.storage.dll
0x00007ff9c4ff0000 - 0x00007ff9c512e000 	C:\WINDOWS\SYSTEM32\wintypes.dll
0x00007ff9c8550000 - 0x00007ff9c8643000 	C:\WINDOWS\System32\SHCORE.dll
0x00007ff9c8250000 - 0x00007ff9c82ae000 	C:\WINDOWS\System32\shlwapi.dll
0x00007ff9c7100000 - 0x00007ff9c7126000 	C:\WINDOWS\SYSTEM32\profapi.dll
0x00007ff9ab240000 - 0x00007ff9ab317000 	C:\Users\feday\.jdks\openjdk-21.0.1\bin\jsvml.dll
0x00007ff9bb3b0000 - 0x00007ff9bb3c0000 	C:\Users\feday\.jdks\openjdk-21.0.1\bin\net.dll
0x00007ff9c0960000 - 0x00007ff9c0a97000 	C:\WINDOWS\SYSTEM32\WINHTTP.dll
0x00007ff9c6690000 - 0x00007ff9c66f9000 	C:\WINDOWS\system32\mswsock.dll
0x00007ff9b5ad0000 - 0x00007ff9b5ae6000 	C:\Users\feday\.jdks\openjdk-21.0.1\bin\nio.dll
0x00007ff9b5ab0000 - 0x00007ff9b5ac8000 	C:\Users\feday\.jdks\openjdk-21.0.1\bin\zip.dll
0x00007ff9ac970000 - 0x00007ff9ac98a000 	C:\Program Files\JetBrains\IntelliJ IDEA Community Edition 2023.2.4\bin\breakgen64.dll
0x000001fe053b0000 - 0x000001fe053b3000 	C:\Users\feday\.openjfx\cache\17.0.2-ea\api-ms-win-core-console-l1-1-0.dll
0x000001fe053c0000 - 0x000001fe053c3000 	C:\Users\feday\.openjfx\cache\17.0.2-ea\api-ms-win-core-console-l1-2-0.dll
0x000001fe053e0000 - 0x000001fe053e3000 	C:\Users\feday\.openjfx\cache\17.0.2-ea\api-ms-win-core-datetime-l1-1-0.dll
0x000001fe053f0000 - 0x000001fe053f3000 	C:\Users\feday\.openjfx\cache\17.0.2-ea\api-ms-win-core-debug-l1-1-0.dll
0x000001fe05400000 - 0x000001fe05403000 	C:\Users\feday\.openjfx\cache\17.0.2-ea\api-ms-win-core-errorhandling-l1-1-0.dll
0x000001fe073a0000 - 0x000001fe073a4000 	C:\Users\feday\.openjfx\cache\17.0.2-ea\api-ms-win-core-file-l1-1-0.dll
0x000001fe073b0000 - 0x000001fe073b3000 	C:\Users\feday\.openjfx\cache\17.0.2-ea\api-ms-win-core-file-l1-2-0.dll
0x000001fe21f50000 - 0x000001fe21f53000 	C:\Users\feday\.openjfx\cache\17.0.2-ea\api-ms-win-core-file-l2-1-0.dll
0x000001fe21f60000 - 0x000001fe21f63000 	C:\Users\feday\.openjfx\cache\17.0.2-ea\api-ms-win-core-handle-l1-1-0.dll
0x000001fe21f70000 - 0x000001fe21f73000 	C:\Users\feday\.openjfx\cache\17.0.2-ea\api-ms-win-core-heap-l1-1-0.dll
0x000001fe21f80000 - 0x000001fe21f83000 	C:\Users\feday\.openjfx\cache\17.0.2-ea\api-ms-win-core-interlocked-l1-1-0.dll
0x000001fe21f90000 - 0x000001fe21f93000 	C:\Users\feday\.openjfx\cache\17.0.2-ea\api-ms-win-core-libraryloader-l1-1-0.dll
0x000001fe21fa0000 - 0x000001fe21fa3000 	C:\Users\feday\.openjfx\cache\17.0.2-ea\api-ms-win-core-localization-l1-2-0.dll
0x000001fe21fb0000 - 0x000001fe21fb3000 	C:\Users\feday\.openjfx\cache\17.0.2-ea\api-ms-win-core-memory-l1-1-0.dll
0x000001fe21fc0000 - 0x000001fe21fc3000 	C:\Users\feday\.openjfx\cache\17.0.2-ea\api-ms-win-core-namedpipe-l1-1-0.dll
0x000001fe21fd0000 - 0x000001fe21fd3000 	C:\Users\feday\.openjfx\cache\17.0.2-ea\api-ms-win-core-processenvironment-l1-1-0.dll
0x000001fe21fe0000 - 0x000001fe21fe3000 	C:\Users\feday\.openjfx\cache\17.0.2-ea\api-ms-win-core-processthreads-l1-1-0.dll
0x000001fe21ff0000 - 0x000001fe21ff3000 	C:\Users\feday\.openjfx\cache\17.0.2-ea\api-ms-win-core-processthreads-l1-1-1.dll
0x000001fe68bd0000 - 0x000001fe68bd3000 	C:\Users\feday\.openjfx\cache\17.0.2-ea\api-ms-win-core-profile-l1-1-0.dll
0x000001fe68be0000 - 0x000001fe68be3000 	C:\Users\feday\.openjfx\cache\17.0.2-ea\api-ms-win-core-rtlsupport-l1-1-0.dll
0x000001fe68bf0000 - 0x000001fe68bf3000 	C:\Users\feday\.openjfx\cache\17.0.2-ea\api-ms-win-core-string-l1-1-0.dll
0x000001fe68c00000 - 0x000001fe68c03000 	C:\Users\feday\.openjfx\cache\17.0.2-ea\api-ms-win-core-synch-l1-1-0.dll
0x000001fe68c10000 - 0x000001fe68c13000 	C:\Users\feday\.openjfx\cache\17.0.2-ea\api-ms-win-core-synch-l1-2-0.dll
0x000001fe68c20000 - 0x000001fe68c23000 	C:\Users\feday\.openjfx\cache\17.0.2-ea\api-ms-win-core-sysinfo-l1-1-0.dll
0x000001fe68c30000 - 0x000001fe68c33000 	C:\Users\feday\.openjfx\cache\17.0.2-ea\api-ms-win-core-timezone-l1-1-0.dll
0x000001fe68c40000 - 0x000001fe68c43000 	C:\Users\feday\.openjfx\cache\17.0.2-ea\api-ms-win-core-util-l1-1-0.dll
0x000001fe68c50000 - 0x000001fe68c53000 	C:\Users\feday\.openjfx\cache\17.0.2-ea\api-ms-win-crt-conio-l1-1-0.dll
0x000001fe68c60000 - 0x000001fe68c64000 	C:\Users\feday\.openjfx\cache\17.0.2-ea\api-ms-win-crt-convert-l1-1-0.dll
0x000001fe68c70000 - 0x000001fe68c73000 	C:\Users\feday\.openjfx\cache\17.0.2-ea\api-ms-win-crt-environment-l1-1-0.dll
0x000001fe68c80000 - 0x000001fe68c83000 	C:\Users\feday\.openjfx\cache\17.0.2-ea\api-ms-win-crt-filesystem-l1-1-0.dll
0x000001fe68c90000 - 0x000001fe68c93000 	C:\Users\feday\.openjfx\cache\17.0.2-ea\api-ms-win-crt-heap-l1-1-0.dll
0x000001fe68ca0000 - 0x000001fe68ca3000 	C:\Users\feday\.openjfx\cache\17.0.2-ea\api-ms-win-crt-locale-l1-1-0.dll
0x000001fe68cb0000 - 0x000001fe68cb5000 	C:\Users\feday\.openjfx\cache\17.0.2-ea\api-ms-win-crt-math-l1-1-0.dll
0x000001fe68cc0000 - 0x000001fe68cc5000 	C:\Users\feday\.openjfx\cache\17.0.2-ea\api-ms-win-crt-multibyte-l1-1-0.dll
0x000001fe68cd0000 - 0x000001fe68ce0000 	C:\Users\feday\.openjfx\cache\17.0.2-ea\api-ms-win-crt-private-l1-1-0.dll
0x000001fe68ce0000 - 0x000001fe68ce3000 	C:\Users\feday\.openjfx\cache\17.0.2-ea\api-ms-win-crt-process-l1-1-0.dll
0x000001fe68cf0000 - 0x000001fe68cf4000 	C:\Users\feday\.openjfx\cache\17.0.2-ea\api-ms-win-crt-runtime-l1-1-0.dll
0x000001fe68d00000 - 0x000001fe68d04000 	C:\Users\feday\.openjfx\cache\17.0.2-ea\api-ms-win-crt-stdio-l1-1-0.dll
0x000001fe68d10000 - 0x000001fe68d14000 	C:\Users\feday\.openjfx\cache\17.0.2-ea\api-ms-win-crt-string-l1-1-0.dll
0x000001fe68d20000 - 0x000001fe68d23000 	C:\Users\feday\.openjfx\cache\17.0.2-ea\api-ms-win-crt-time-l1-1-0.dll
0x000001fe68d30000 - 0x000001fe68d33000 	C:\Users\feday\.openjfx\cache\17.0.2-ea\api-ms-win-crt-utility-l1-1-0.dll
0x00007ff98e010000 - 0x00007ff98e10c000 	C:\Users\feday\.openjfx\cache\17.0.2-ea\ucrtbase.dll
0x00007ff9ab970000 - 0x00007ff9ab98a000 	C:\Users\feday\.openjfx\cache\17.0.2-ea\vcruntime140.dll
0x00007ff9bc1b0000 - 0x00007ff9bc1bc000 	C:\Users\feday\.openjfx\cache\17.0.2-ea\vcruntime140_1.dll
0x00007ff98f390000 - 0x00007ff98f41d000 	C:\Users\feday\.openjfx\cache\17.0.2-ea\msvcp140.dll
0x00007ff9ab870000 - 0x00007ff9ab89a000 	C:\Users\feday\.openjfx\cache\17.0.2-ea\prism_d3d.dll
0x00007ff963d00000 - 0x00007ff963ea9000 	C:\WINDOWS\system32\d3d9.dll
0x00007ff9c4880000 - 0x00007ff9c48ab000 	C:\WINDOWS\SYSTEM32\dwmapi.dll
0x00007ff9c4550000 - 0x00007ff9c4586000 	C:\WINDOWS\SYSTEM32\dxcore.dll
0x00007ff9c4470000 - 0x00007ff9c451b000 	C:\WINDOWS\system32\uxtheme.dll
0x00007ff9b8ed0000 - 0x00007ff9b90ab000 	C:\WINDOWS\System32\DriverStore\FileRepository\u0372698.inf_amd64_2366d501a5d0e392\B370279\aticfx64.dll
0x00007ff9a5050000 - 0x00007ff9a5083000 	C:\WINDOWS\System32\DriverStore\FileRepository\u0372698.inf_amd64_2366d501a5d0e392\B370279\atiu9p64.dll
0x00007ff962fa0000 - 0x00007ff963cfa000 	C:\WINDOWS\System32\DriverStore\FileRepository\u0372698.inf_amd64_2366d501a5d0e392\B370279\atiumd64.dll
0x00007ff9c8730000 - 0x00007ff9c88cf000 	C:\WINDOWS\System32\ole32.dll
0x0000000076740000 - 0x000000007760b000 	C:\WINDOWS\System32\DriverStore\FileRepository\u0372698.inf_amd64_2366d501a5d0e392\B370279\atiumd6a.dll
0x00007ff9b6f40000 - 0x00007ff9b6f70000 	C:\WINDOWS\SYSTEM32\amdihk64.dll
0x00007ff9bb030000 - 0x00007ff9bb07a000 	C:\WINDOWS\SYSTEM32\directxdatabasehelper.dll
0x00007ff9aa7d0000 - 0x00007ff9aa812000 	C:\Users\feday\.openjfx\cache\17.0.2-ea\glass.dll
0x00007ff9c80a0000 - 0x00007ff9c8199000 	C:\WINDOWS\System32\COMDLG32.dll
0x00007ff9c8bc0000 - 0x00007ff9c8d0c000 	C:\WINDOWS\System32\MSCTF.dll
0x00007ff9aaa70000 - 0x00007ff9aaa9d000 	C:\Users\feday\.openjfx\cache\17.0.2-ea\javafx_iio.dll
0x00007ff9ab750000 - 0x00007ff9ab764000 	C:\Users\feday\.openjfx\cache\17.0.2-ea\javafx_font.dll
0x00007ff9c11c0000 - 0x00007ff9c1433000 	C:\WINDOWS\SYSTEM32\dwrite.dll

dbghelp: loaded successfully - version: 4.0.5 - missing functions: none
symbol engine: initialized successfully - sym options: 0x614 - pdb path: .;C:\Users\feday\.jdks\openjdk-21.0.1\bin;C:\WINDOWS\SYSTEM32;C:\WINDOWS\WinSxS\amd64_microsoft.windows.common-controls_6595b64144ccf1df_6.0.22621.2361_none_2712ced57382f843;C:\Users\feday\.jdks\openjdk-21.0.1\bin\server;C:\Program Files\JetBrains\IntelliJ IDEA Community Edition 2023.2.4\bin;C:\Users\feday\.openjfx\cache\17.0.2-ea;C:\WINDOWS\System32\DriverStore\FileRepository\u0372698.inf_amd64_2366d501a5d0e392\B370279

VM Arguments:
jvm_args: -javaagent:C:\Program Files\JetBrains\IntelliJ IDEA Community Edition 2023.2.4\lib\idea_rt.jar=57038:C:\Program Files\JetBrains\IntelliJ IDEA Community Edition 2023.2.4\bin -Dfile.encoding=UTF-8 -Dsun.stdout.encoding=UTF-8 -Dsun.stderr.encoding=UTF-8 --module-path=C:\Users\feday\.m2\repository\org\openjfx\javafx-fxml\17.0.2\javafx-fxml-17.0.2-win.jar;C:\Users\feday\.m2\repository\org\openjfx\javafx-graphics\17.0.2\javafx-graphics-17.0.2-win.jar;C:\Users\feday\.m2\repository\org\openjfx\javafx-controls\17.0.2\javafx-controls-17.0.2-win.jar;C:\Users\feday\.m2\repository\org\openjfx\javafx-base\17.0.2\javafx-base-17.0.2-win.jar;C:\Users\feday\OneDrive\Документы\Д.А. курсовая работа\kurs\target\classes -Djdk.module.main=com.example.kurs 
java_command: com.example.kurs/com.example.kurs.HelloApplication
java_class_path (initial): C:\Users\feday\.m2\repository\org\openjfx\javafx-controls\17.0.2\javafx-controls-17.0.2.jar;C:\Users\feday\.m2\repository\org\openjfx\javafx-graphics\17.0.2\javafx-graphics-17.0.2.jar;C:\Users\feday\.m2\repository\org\openjfx\javafx-base\17.0.2\javafx-base-17.0.2.jar;C:\Users\feday\.m2\repository\org\openjfx\javafx-fxml\17.0.2\javafx-fxml-17.0.2.jar;C:\Program Files\mysql-connector-j-8.2.0\mysql-connector-j-8.2.0.jar
Launcher Type: SUN_STANDARD

[Global flags]
     intx CICompilerCount                          = 3                                         {product} {ergonomic}
     uint ConcGCThreads                            = 1                                         {product} {ergonomic}
     uint G1ConcRefinementThreads                  = 4                                         {product} {ergonomic}
   size_t G1HeapRegionSize                         = 1048576                                   {product} {ergonomic}
    uintx GCDrainStackTargetSize                   = 64                                        {product} {ergonomic}
   size_t InitialHeapSize                          = 58720256                                  {product} {ergonomic}
   size_t MarkStackSize                            = 4194304                                   {product} {ergonomic}
   size_t MaxHeapSize                              = 926941184                                 {product} {ergonomic}
   size_t MaxNewSize                               = 555745280                                 {product} {ergonomic}
   size_t MinHeapDeltaBytes                        = 1048576                                   {product} {ergonomic}
   size_t MinHeapSize                              = 8388608                                   {product} {ergonomic}
    uintx NonNMethodCodeHeapSize                   = 5832780                                {pd product} {ergonomic}
    uintx NonProfiledCodeHeapSize                  = 122912730                              {pd product} {ergonomic}
    uintx ProfiledCodeHeapSize                     = 122912730                              {pd product} {ergonomic}
    uintx ReservedCodeCacheSize                    = 251658240                              {pd product} {ergonomic}
     bool SegmentedCodeCache                       = true                                      {product} {ergonomic}
   size_t SoftMaxHeapSize                          = 926941184                              {manageable} {ergonomic}
     bool UseCompressedOops                        = true                           {product lp64_product} {ergonomic}
     bool UseG1GC                                  = true                                      {product} {ergonomic}
     bool UseLargePagesIndividualAllocation        = false                                  {pd product} {ergonomic}

Logging:
Log output configuration:
 #0: stdout all=warning uptime,level,tags foldmultilines=false
 #1: stderr all=off uptime,level,tags foldmultilines=false

Environment Variables:
PATH=C:\WINDOWS\system32;C:\WINDOWS;C:\WINDOWS\System32\Wbem;C:\WINDOWS\System32\WindowsPowerShell\v1.0\;C:\WINDOWS\System32\OpenSSH\;C:\Program Files\MySQL\MySQL Shell 8.0\bin\;C:\Users\feday\AppData\Local\Microsoft\WindowsApps;;C:\Program Files\JetBrains\IntelliJ IDEA Community Edition 2023.2.4\bin;
USERNAME=feday
OS=Windows_NT
PROCESSOR_IDENTIFIER=AMD64 Family 23 Model 24 Stepping 1, AuthenticAMD
TMP=C:\Users\feday\AppData\Local\Temp
TEMP=C:\Users\feday\AppData\Local\Temp




Periodic native trim disabled

---------------  S Y S T E M  ---------------

OS:
 Windows 11 , 64 bit Build 22621 (10.0.22621.2428)
OS uptime: 4 days 3:07 hours

CPU: total 4 (initial active 4) (4 cores per cpu, 2 threads per core) family 23 model 24 stepping 1 microcode 0x0, cx8, cmov, fxsr, ht, mmx, 3dnowpref, sse, sse2, sse3, ssse3, sse4a, sse4.1, sse4.2, popcnt, lzcnt, tsc, tscinvbit, avx, avx2, aes, clmul, bmi1, bmi2, adx, sha, fma, vzeroupper, clflush, clflushopt, rdtscp, f16c
Processor Information for all 4 processors :
  Max Mhz: 2400, Current Mhz: 2400, Mhz Limit: 2400

Memory: 4k page, system-wide physical 3530M (225M free)
TotalPageFile size 14282M (AvailPageFile size 5M)
current process WorkingSet (physical memory assigned to process): 115M, peak: 115M
current process commit charge ("private bytes"): 185M, peak: 186M

vm_info: OpenJDK 64-Bit Server VM (21.0.1+12-29) for windows-amd64 JRE (21.0.1+12-29), built on 2023-10-05T13:27:09Z by "mach5one" with MS VC++ 17.1 (VS2022)

END.
