#
# There is insufficient memory for the Java Runtime Environment to continue.
# Native memory allocation (malloc) failed to allocate 370416 bytes for Chunk::new
# Possible reasons:
#   The system is out of physical RAM or swap space
#   The process is running with CompressedOops enabled, and the Java Heap may be blocking the growth of the native heap
# Possible solutions:
#   Reduce memory load on the system
#   Increase physical memory or swap space
#   Check if swap backing store is full
#   Decrease Java heap size (-Xmx/-Xms)
#   Decrease number of Java threads
#   Decrease Java thread stack sizes (-Xss)
#   Set larger code cache with -XX:ReservedCodeCacheSize=
#   JVM is running with Unscaled Compressed Oops mode in which the Java heap is
#     placed in the first 4GB address space. The Java Heap base address is the
#     maximum limit for the native heap growth. Please use -XX:HeapBaseMinAddress
#     to set the Java Heap base and to place the Java Heap above 4GB virtual address.
# This output file may be truncated or incomplete.
#
#  Out of Memory Error (arena.cpp:168), pid=13224, tid=2040
#
# JRE version: OpenJDK Runtime Environment (21.0.1+12) (build 21.0.1+12-29)
# Java VM: OpenJDK 64-Bit Server VM (21.0.1+12-29, mixed mode, sharing, tiered, compressed oops, compressed class ptrs, g1 gc, windows-amd64)
# No core dump will be written. Minidumps are not enabled by default on client versions of Windows
#

---------------  S U M M A R Y ------------

Command Line: -javaagent:C:\Program Files\JetBrains\IntelliJ IDEA Community Edition 2023.2.4\lib\idea_rt.jar=57096:C:\Program Files\JetBrains\IntelliJ IDEA Community Edition 2023.2.4\bin -Dfile.encoding=UTF-8 -Dsun.stdout.encoding=UTF-8 -Dsun.stderr.encoding=UTF-8 --module-path=C:\Users\feday\.m2\repository\org\openjfx\javafx-base\17.0.2\javafx-base-17.0.2-win.jar;C:\Users\feday\.m2\repository\org\openjfx\javafx-controls\17.0.2\javafx-controls-17.0.2-win.jar;C:\Users\feday\IdeaProjects\kurs\target\classes;C:\Users\feday\.m2\repository\org\openjfx\javafx-fxml\17.0.2\javafx-fxml-17.0.2-win.jar;C:\Users\feday\.m2\repository\org\openjfx\javafx-graphics\17.0.2\javafx-graphics-17.0.2-win.jar -Djdk.module.main=com.example.kurs com.example.kurs/com.example.kurs.HelloApplication

Host: AMD Athlon 300U with Radeon Vega Mobile Gfx    , 4 cores, 3G,  Windows 11 , 64 bit Build 22621 (10.0.22621.2428)
Time: Thu Nov 23 22:15:42 2023 RTZ 2 (s 11 , 64 bit Build 22621 (10.0.22621.2428) elapsed time: 3.319679 seconds (0d 0h 0m 3s)

---------------  T H R E A D  ---------------

Current thread (0x000001d66063e2c0):  JavaThread "C2 CompilerThread0" daemon [_thread_in_native, id=2040, stack(0x0000008de4300000,0x0000008de4400000) (1024K)]


Current CompileTask:
C2:   3319 1791   !   4       java.util.zip.InflaterInputStream::read (129 bytes)

Stack: [0x0000008de4300000,0x0000008de4400000]
Native frames: (J=compiled Java code, j=interpreted, Vv=VM code, C=native code)
V  [jvm.dll+0x6c9029]
V  [jvm.dll+0x854b81]
V  [jvm.dll+0x856e5e]
V  [jvm.dll+0x857543]
V  [jvm.dll+0x280c06]
V  [jvm.dll+0xc3ead]
V  [jvm.dll+0xc43c3]
V  [jvm.dll+0x3b5732]
V  [jvm.dll+0x1e1d3a]
V  [jvm.dll+0x249c22]
V  [jvm.dll+0x2490b1]
V  [jvm.dll+0x1c9ca1]
V  [jvm.dll+0x2586b9]
V  [jvm.dll+0x256c9a]
V  [jvm.dll+0x3ef1b6]
V  [jvm.dll+0x7fd728]
V  [jvm.dll+0x6c777d]
C  [ucrtbase.dll+0x29363]
C  [KERNEL32.DLL+0x1257d]
C  [ntdll.dll+0x5aa78]


---------------  P R O C E S S  ---------------

Threads class SMR info:
_java_thread_list=0x000001d66a8b2540, length=18, elements={
0x000001d643a813d0, 0x000001d660635470, 0x000001d660636390, 0x000001d6606384f0,
0x000001d66063b060, 0x000001d66063bac0, 0x000001d66063d530, 0x000001d66063e2c0,
0x000001d660644080, 0x000001d660875f10, 0x000001d660a1c4b0, 0x000001d660b1aa20,
0x000001d665455bc0, 0x000001d6654d9780, 0x000001d6654d1f90, 0x000001d665669840,
0x000001d6656a4bb0, 0x000001d66aa0ea60
}

Java Threads: ( => current thread )
  0x000001d643a813d0 JavaThread "main"                              [_thread_blocked, id=9832, stack(0x0000008de3500000,0x0000008de3600000) (1024K)]
  0x000001d660635470 JavaThread "Reference Handler"          daemon [_thread_blocked, id=13288, stack(0x0000008de3d00000,0x0000008de3e00000) (1024K)]
  0x000001d660636390 JavaThread "Finalizer"                  daemon [_thread_blocked, id=7532, stack(0x0000008de3e00000,0x0000008de3f00000) (1024K)]
  0x000001d6606384f0 JavaThread "Signal Dispatcher"          daemon [_thread_blocked, id=11696, stack(0x0000008de3f00000,0x0000008de4000000) (1024K)]
  0x000001d66063b060 JavaThread "Attach Listener"            daemon [_thread_blocked, id=10980, stack(0x0000008de4000000,0x0000008de4100000) (1024K)]
  0x000001d66063bac0 JavaThread "Service Thread"             daemon [_thread_blocked, id=15704, stack(0x0000008de4100000,0x0000008de4200000) (1024K)]
  0x000001d66063d530 JavaThread "Monitor Deflation Thread"   daemon [_thread_blocked, id=15420, stack(0x0000008de4200000,0x0000008de4300000) (1024K)]
=>0x000001d66063e2c0 JavaThread "C2 CompilerThread0"         daemon [_thread_in_native, id=2040, stack(0x0000008de4300000,0x0000008de4400000) (1024K)]
  0x000001d660644080 JavaThread "C1 CompilerThread0"         daemon [_thread_in_vm, id=15920, stack(0x0000008de4400000,0x0000008de4500000) (1024K)]
  0x000001d660875f10 JavaThread "Common-Cleaner"             daemon [_thread_blocked, id=15200, stack(0x0000008de4500000,0x0000008de4600000) (1024K)]
  0x000001d660a1c4b0 JavaThread "Monitor Ctrl-Break"         daemon [_thread_in_native, id=16172, stack(0x0000008de4600000,0x0000008de4700000) (1024K)]
  0x000001d660b1aa20 JavaThread "Notification Thread"        daemon [_thread_blocked, id=16096, stack(0x0000008de4700000,0x0000008de4800000) (1024K)]
  0x000001d665455bc0 JavaThread "QuantumRenderer-0"          daemon [_thread_blocked, id=8700, stack(0x0000008de4c00000,0x0000008de4d00000) (1024K)]
  0x000001d6654d9780 JavaThread "InvokeLaterDispatcher"      daemon [_thread_blocked, id=4636, stack(0x0000008de4e00000,0x0000008de4f00000) (1024K)]
  0x000001d6654d1f90 JavaThread "JavaFX Application Thread"         [_thread_in_vm, id=11936, stack(0x0000008de4f00000,0x0000008de5000000) (1024K)]
  0x000001d665669840 JavaThread "Thread-1"                   daemon [_thread_in_native, id=1372, stack(0x0000008de5400000,0x0000008de5500000) (1024K)]
  0x000001d6656a4bb0 JavaThread "JavaFX-Launcher"                   [_thread_blocked, id=9300, stack(0x0000008de5500000,0x0000008de5600000) (1024K)]
  0x000001d66aa0ea60 JavaThread "Prism Font Disposer"        daemon [_thread_blocked, id=8248, stack(0x0000008de5700000,0x0000008de5800000) (1024K)]
Total: 18

Other Threads:
  0x000001d6606199b0 VMThread "VM Thread"                           [id=3368, stack(0x0000008de3c00000,0x0000008de3d00000) (1024K)]
  0x000001d643d7e000 WatcherThread "VM Periodic Task Thread"        [id=16980, stack(0x0000008de3b00000,0x0000008de3c00000) (1024K)]
  0x000001d643ce3c50 WorkerThread "GC Thread#0"                     [id=9816, stack(0x0000008de3600000,0x0000008de3700000) (1024K)]
  0x000001d665079eb0 WorkerThread "GC Thread#1"                     [id=6888, stack(0x0000008de4800000,0x0000008de4900000) (1024K)]
  0x000001d6652e7730 WorkerThread "GC Thread#2"                     [id=17000, stack(0x0000008de4900000,0x0000008de4a00000) (1024K)]
  0x000001d6652e7ad0 WorkerThread "GC Thread#3"                     [id=9408, stack(0x0000008de4a00000,0x0000008de4b00000) (1024K)]
  0x000001d643cebab0 ConcurrentGCThread "G1 Main Marker"            [id=2172, stack(0x0000008de3700000,0x0000008de3800000) (1024K)]
  0x000001d643cec760 WorkerThread "G1 Conc#0"                       [id=15428, stack(0x0000008de3800000,0x0000008de3900000) (1024K)]
  0x000001d643d71030 ConcurrentGCThread "G1 Refine#0"               [id=1672, stack(0x0000008de3900000,0x0000008de3a00000) (1024K)]
  0x000001d643d71ba0 ConcurrentGCThread "G1 Service"                [id=12308, stack(0x0000008de3a00000,0x0000008de3b00000) (1024K)]
Total: 10

Threads with active compile tasks:
C2 CompilerThread0     3376 1791   !   4       java.util.zip.InflaterInputStream::read (129 bytes)
Total: 1

VM state: not at safepoint (normal execution)

VM Mutex/Monitor currently owned by a thread: None

Heap address: 0x00000000c8c00000, size: 884 MB, Compressed Oops mode: 32-bit

CDS archive(s) mapped at: [0x000001d600000000-0x000001d600c90000-0x000001d600c90000), size 13172736, SharedBaseAddress: 0x000001d600000000, ArchiveRelocationMode: 1.
Compressed class space mapped at: 0x000001d601000000-0x000001d641000000, reserved size: 1073741824
Narrow klass base: 0x000001d600000000, Narrow klass shift: 0, Narrow klass range: 0x100000000

GC Precious Log:
 CardTable entry size: 512
 Card Set container configuration: InlinePtr #cards 5 size 8 Array Of Cards #cards 12 size 40 Howl #buckets 4 coarsen threshold 1843 Howl Bitmap #cards 512 size 80 coarsen threshold 460 Card regions per heap region 1 cards per card region 2048
 CPUs: 4 total, 4 available
 Memory: 3530M
 Large Page Support: Disabled
 NUMA Support: Disabled
 Compressed Oops: Enabled (32-bit)
 Heap Region Size: 1M
 Heap Min Capacity: 8M
 Heap Initial Capacity: 56M
 Heap Max Capacity: 884M
 Pre-touch: Disabled
 Parallel Workers: 4
 Concurrent Workers: 1
 Concurrent Refinement Workers: 4
 Periodic GC: Disabled

Heap:
 garbage-first heap   total 57344K, used 14045K [0x00000000c8c00000, 0x0000000100000000)
  region size 1024K, 4 young (4096K), 3 survivors (3072K)
 Metaspace       used 14147K, committed 14464K, reserved 1114112K
  class space    used 2075K, committed 2240K, reserved 1048576K

Heap Regions: E=young(eden), S=young(survivor), O=old, HS=humongous(starts), HC=humongous(continues), CS=collection set, F=free, TAMS=top-at-mark-start, PB=parsable bottom
|   0|0x00000000c8c00000, 0x00000000c8d00000, 0x00000000c8d00000|100%| O|  |TAMS 0x00000000c8c00000| PB 0x00000000c8c00000| Untracked 
|   1|0x00000000c8d00000, 0x00000000c8e00000, 0x00000000c8e00000|100%| O|  |TAMS 0x00000000c8d00000| PB 0x00000000c8d00000| Untracked 
|   2|0x00000000c8e00000, 0x00000000c8f00000, 0x00000000c8f00000|100%| O|  |TAMS 0x00000000c8e00000| PB 0x00000000c8e00000| Untracked 
|   3|0x00000000c8f00000, 0x00000000c9000000, 0x00000000c9000000|100%|HS|  |TAMS 0x00000000c8f00000| PB 0x00000000c8f00000| Complete 
|   4|0x00000000c9000000, 0x00000000c9100000, 0x00000000c9100000|100%|HC|  |TAMS 0x00000000c9000000| PB 0x00000000c9000000| Complete 
|   5|0x00000000c9100000, 0x00000000c9200000, 0x00000000c9200000|100%|HS|  |TAMS 0x00000000c9100000| PB 0x00000000c9100000| Complete 
|   6|0x00000000c9200000, 0x00000000c9300000, 0x00000000c9300000|100%|HC|  |TAMS 0x00000000c9200000| PB 0x00000000c9200000| Complete 
|   7|0x00000000c9300000, 0x00000000c9400000, 0x00000000c9400000|100%|HC|  |TAMS 0x00000000c9300000| PB 0x00000000c9300000| Complete 
|   8|0x00000000c9400000, 0x00000000c9500000, 0x00000000c9500000|100%|HC|  |TAMS 0x00000000c9400000| PB 0x00000000c9400000| Complete 
|   9|0x00000000c9500000, 0x00000000c9600000, 0x00000000c9600000|100%| O|  |TAMS 0x00000000c9500000| PB 0x00000000c9500000| Untracked 
|  10|0x00000000c9600000, 0x00000000c9700000, 0x00000000c9700000|100%| O|  |TAMS 0x00000000c9600000| PB 0x00000000c9600000| Untracked 
|  11|0x00000000c9700000, 0x00000000c9730978, 0x00000000c9800000| 18%| O|  |TAMS 0x00000000c9700000| PB 0x00000000c9700000| Untracked 
|  12|0x00000000c9800000, 0x00000000c9800000, 0x00000000c9900000|  0%| F|  |TAMS 0x00000000c9800000| PB 0x00000000c9800000| Untracked 
|  13|0x00000000c9900000, 0x00000000c9900000, 0x00000000c9a00000|  0%| F|  |TAMS 0x00000000c9900000| PB 0x00000000c9900000| Untracked 
|  14|0x00000000c9a00000, 0x00000000c9a00000, 0x00000000c9b00000|  0%| F|  |TAMS 0x00000000c9a00000| PB 0x00000000c9a00000| Untracked 
|  15|0x00000000c9b00000, 0x00000000c9b00000, 0x00000000c9c00000|  0%| F|  |TAMS 0x00000000c9b00000| PB 0x00000000c9b00000| Untracked 
|  16|0x00000000c9c00000, 0x00000000c9c00000, 0x00000000c9d00000|  0%| F|  |TAMS 0x00000000c9c00000| PB 0x00000000c9c00000| Untracked 
|  17|0x00000000c9d00000, 0x00000000c9d00000, 0x00000000c9e00000|  0%| F|  |TAMS 0x00000000c9d00000| PB 0x00000000c9d00000| Untracked 
|  18|0x00000000c9e00000, 0x00000000c9e00000, 0x00000000c9f00000|  0%| F|  |TAMS 0x00000000c9e00000| PB 0x00000000c9e00000| Untracked 
|  19|0x00000000c9f00000, 0x00000000c9f00000, 0x00000000ca000000|  0%| F|  |TAMS 0x00000000c9f00000| PB 0x00000000c9f00000| Untracked 
|  20|0x00000000ca000000, 0x00000000ca000000, 0x00000000ca100000|  0%| F|  |TAMS 0x00000000ca000000| PB 0x00000000ca000000| Untracked 
|  21|0x00000000ca100000, 0x00000000ca186e08, 0x00000000ca200000| 52%| S|CS|TAMS 0x00000000ca100000| PB 0x00000000ca100000| Complete 
|  22|0x00000000ca200000, 0x00000000ca300000, 0x00000000ca300000|100%| S|CS|TAMS 0x00000000ca200000| PB 0x00000000ca200000| Complete 
|  23|0x00000000ca300000, 0x00000000ca400000, 0x00000000ca400000|100%| S|CS|TAMS 0x00000000ca300000| PB 0x00000000ca300000| Complete 
|  24|0x00000000ca400000, 0x00000000ca400000, 0x00000000ca500000|  0%| F|  |TAMS 0x00000000ca400000| PB 0x00000000ca400000| Untracked 
|  25|0x00000000ca500000, 0x00000000ca500000, 0x00000000ca600000|  0%| F|  |TAMS 0x00000000ca500000| PB 0x00000000ca500000| Untracked 
|  26|0x00000000ca600000, 0x00000000ca600000, 0x00000000ca700000|  0%| F|  |TAMS 0x00000000ca600000| PB 0x00000000ca600000| Untracked 
|  27|0x00000000ca700000, 0x00000000ca700000, 0x00000000ca800000|  0%| F|  |TAMS 0x00000000ca700000| PB 0x00000000ca700000| Untracked 
|  28|0x00000000ca800000, 0x00000000ca800000, 0x00000000ca900000|  0%| F|  |TAMS 0x00000000ca800000| PB 0x00000000ca800000| Untracked 
|  29|0x00000000ca900000, 0x00000000ca900000, 0x00000000caa00000|  0%| F|  |TAMS 0x00000000ca900000| PB 0x00000000ca900000| Untracked 
|  30|0x00000000caa00000, 0x00000000caa00000, 0x00000000cab00000|  0%| F|  |TAMS 0x00000000caa00000| PB 0x00000000caa00000| Untracked 
|  31|0x00000000cab00000, 0x00000000cab00000, 0x00000000cac00000|  0%| F|  |TAMS 0x00000000cab00000| PB 0x00000000cab00000| Untracked 
|  32|0x00000000cac00000, 0x00000000cac00000, 0x00000000cad00000|  0%| F|  |TAMS 0x00000000cac00000| PB 0x00000000cac00000| Untracked 
|  33|0x00000000cad00000, 0x00000000cad00000, 0x00000000cae00000|  0%| F|  |TAMS 0x00000000cad00000| PB 0x00000000cad00000| Untracked 
|  34|0x00000000cae00000, 0x00000000cae00000, 0x00000000caf00000|  0%| F|  |TAMS 0x00000000cae00000| PB 0x00000000cae00000| Untracked 
|  35|0x00000000caf00000, 0x00000000caf00000, 0x00000000cb000000|  0%| F|  |TAMS 0x00000000caf00000| PB 0x00000000caf00000| Untracked 
|  36|0x00000000cb000000, 0x00000000cb000000, 0x00000000cb100000|  0%| F|  |TAMS 0x00000000cb000000| PB 0x00000000cb000000| Untracked 
|  37|0x00000000cb100000, 0x00000000cb100000, 0x00000000cb200000|  0%| F|  |TAMS 0x00000000cb100000| PB 0x00000000cb100000| Untracked 
|  38|0x00000000cb200000, 0x00000000cb200000, 0x00000000cb300000|  0%| F|  |TAMS 0x00000000cb200000| PB 0x00000000cb200000| Untracked 
|  39|0x00000000cb300000, 0x00000000cb300000, 0x00000000cb400000|  0%| F|  |TAMS 0x00000000cb300000| PB 0x00000000cb300000| Untracked 
|  40|0x00000000cb400000, 0x00000000cb400000, 0x00000000cb500000|  0%| F|  |TAMS 0x00000000cb400000| PB 0x00000000cb400000| Untracked 
|  41|0x00000000cb500000, 0x00000000cb500000, 0x00000000cb600000|  0%| F|  |TAMS 0x00000000cb500000| PB 0x00000000cb500000| Untracked 
|  42|0x00000000cb600000, 0x00000000cb600000, 0x00000000cb700000|  0%| F|  |TAMS 0x00000000cb600000| PB 0x00000000cb600000| Untracked 
|  43|0x00000000cb700000, 0x00000000cb700000, 0x00000000cb800000|  0%| F|  |TAMS 0x00000000cb700000| PB 0x00000000cb700000| Untracked 
|  44|0x00000000cb800000, 0x00000000cb800000, 0x00000000cb900000|  0%| F|  |TAMS 0x00000000cb800000| PB 0x00000000cb800000| Untracked 
|  45|0x00000000cb900000, 0x00000000cb900000, 0x00000000cba00000|  0%| F|  |TAMS 0x00000000cb900000| PB 0x00000000cb900000| Untracked 
|  46|0x00000000cba00000, 0x00000000cba00000, 0x00000000cbb00000|  0%| F|  |TAMS 0x00000000cba00000| PB 0x00000000cba00000| Untracked 
|  47|0x00000000cbb00000, 0x00000000cbb00000, 0x00000000cbc00000|  0%| F|  |TAMS 0x00000000cbb00000| PB 0x00000000cbb00000| Untracked 
|  48|0x00000000cbc00000, 0x00000000cbc00000, 0x00000000cbd00000|  0%| F|  |TAMS 0x00000000cbc00000| PB 0x00000000cbc00000| Untracked 
|  49|0x00000000cbd00000, 0x00000000cbd00000, 0x00000000cbe00000|  0%| F|  |TAMS 0x00000000cbd00000| PB 0x00000000cbd00000| Untracked 
|  50|0x00000000cbe00000, 0x00000000cbe00000, 0x00000000cbf00000|  0%| F|  |TAMS 0x00000000cbe00000| PB 0x00000000cbe00000| Untracked 
|  51|0x00000000cbf00000, 0x00000000cbf00000, 0x00000000cc000000|  0%| F|  |TAMS 0x00000000cbf00000| PB 0x00000000cbf00000| Untracked 
|  52|0x00000000cc000000, 0x00000000cc000000, 0x00000000cc100000|  0%| F|  |TAMS 0x00000000cc000000| PB 0x00000000cc000000| Untracked 
|  53|0x00000000cc100000, 0x00000000cc100000, 0x00000000cc200000|  0%| F|  |TAMS 0x00000000cc100000| PB 0x00000000cc100000| Untracked 
|  54|0x00000000cc200000, 0x00000000cc200000, 0x00000000cc300000|  0%| F|  |TAMS 0x00000000cc200000| PB 0x00000000cc200000| Untracked 
|  55|0x00000000cc300000, 0x00000000cc3a5470, 0x00000000cc400000| 64%| E|  |TAMS 0x00000000cc300000| PB 0x00000000cc300000| Complete 

Card table byte_map: [0x000001d65d0d0000,0x000001d65d290000] _byte_map_base: 0x000001d65ca8a000

Marking Bits: (CMBitMap*) 0x000001d643ce4350
 Bits: [0x000001d65d290000, 0x000001d65e060000)

Polling page: 0x000001d64d8b0000

Metaspace:

Usage:
  Non-class:     11.80 MB used.
      Class:      2.03 MB used.
       Both:     13.83 MB used.

Virtual space:
  Non-class space:       64.00 MB reserved,      12.00 MB ( 19%) committed,  1 nodes.
      Class space:        1.00 GB reserved,       2.19 MB ( <1%) committed,  1 nodes.
             Both:        1.06 GB reserved,      14.19 MB (  1%) committed. 

Chunk freelists:
   Non-Class:  3.29 MB
       Class:  13.79 MB
        Both:  17.08 MB

MaxMetaspaceSize: unlimited
CompressedClassSpaceSize: 1.00 GB
Initial GC threshold: 21.00 MB
Current GC threshold: 21.00 MB
CDS: on
 - commit_granule_bytes: 65536.
 - commit_granule_words: 8192.
 - virtual_space_node_default_size: 8388608.
 - enlarge_chunks_in_place: 1.
 - use_allocation_guard: 0.


Internal statistics:

num_allocs_failed_limit: 0.
num_arena_births: 336.
num_arena_deaths: 0.
num_vsnodes_births: 2.
num_vsnodes_deaths: 0.
num_space_committed: 227.
num_space_uncommitted: 0.
num_chunks_returned_to_freelist: 0.
num_chunks_taken_from_freelist: 787.
num_chunk_merges: 0.
num_chunk_splits: 526.
num_chunks_enlarged: 372.
num_inconsistent_stats: 0.

CodeHeap 'non-profiled nmethods': size=120000Kb used=618Kb max_used=618Kb free=119381Kb
 bounds [0x000001d6553a0000, 0x000001d655610000, 0x000001d65c8d0000]
CodeHeap 'profiled nmethods': size=120000Kb used=3448Kb max_used=3448Kb free=116551Kb
 bounds [0x000001d64d8d0000, 0x000001d64dc30000, 0x000001d654e00000]
CodeHeap 'non-nmethods': size=5760Kb used=1712Kb max_used=1715Kb free=4047Kb
 bounds [0x000001d654e00000, 0x000001d655070000, 0x000001d6553a0000]
 total_blobs=2607 nmethods=1863 adapters=649
 compilation: enabled
              stopped_count=0, restarted_count=0
 full_count=0

Compilation events (20 events):
Event: 3.250 Thread 0x000001d660644080 1788       3       java.util.AbstractList$SubList$1::next (25 bytes)
Event: 3.250 Thread 0x000001d660644080 nmethod 1788 0x000001d64dc0eb90 code [0x000001d64dc0ed80, 0x000001d64dc0f268]
Event: 3.250 Thread 0x000001d660644080 1789       1       com.sun.javafx.scene.control.inputmap.KeyBinding::getCode (5 bytes)
Event: 3.250 Thread 0x000001d660644080 nmethod 1789 0x000001d655436790 code [0x000001d655436920, 0x000001d6554369e8]
Event: 3.250 Thread 0x000001d660644080 1782       3       java.lang.invoke.MethodHandles$Lookup::hasFullPrivilegeAccess (18 bytes)
Event: 3.251 Thread 0x000001d660644080 nmethod 1782 0x000001d64dc0f410 code [0x000001d64dc0f5a0, 0x000001d64dc0f710]
Event: 3.251 Thread 0x000001d660644080 1783   !   3       java.lang.invoke.MethodHandles$Lookup::revealDirect (196 bytes)
Event: 3.252 Thread 0x000001d660644080 nmethod 1783 0x000001d64dc0f790 code [0x000001d64dc0fae0, 0x000001d64dc10dd0]
Event: 3.252 Thread 0x000001d660644080 1784       3       java.lang.invoke.InfoFromMemberName::<init> (72 bytes)
Event: 3.253 Thread 0x000001d660644080 nmethod 1784 0x000001d64dc11490 code [0x000001d64dc11640, 0x000001d64dc11820]
Event: 3.253 Thread 0x000001d660644080 1786       3       java.lang.invoke.LambdaMetafactory::metafactory (71 bytes)
Event: 3.254 Thread 0x000001d660644080 nmethod 1786 0x000001d64dc11910 code [0x000001d64dc11ba0, 0x000001d64dc126e8]
Event: 3.255 Thread 0x000001d660644080 1792       3       com.sun.javafx.binding.ExpressionHelper::fireValueChangedEvent (9 bytes)
Event: 3.255 Thread 0x000001d660644080 nmethod 1792 0x000001d64dc12c10 code [0x000001d64dc12dc0, 0x000001d64dc12fb0]
Event: 3.259 Thread 0x000001d660644080 1794       3       javafx.beans.property.ObjectPropertyBase::isBound (13 bytes)
Event: 3.259 Thread 0x000001d660644080 nmethod 1794 0x000001d64dc13090 code [0x000001d64dc13220, 0x000001d64dc13390]
Event: 3.298 Thread 0x000001d660644080 1795       3       java.lang.ref.WeakReference::<init> (6 bytes)
Event: 3.299 Thread 0x000001d660644080 nmethod 1795 0x000001d64dc13410 code [0x000001d64dc135e0, 0x000001d64dc138f0]
Event: 3.313 Thread 0x000001d660644080 1796       3       java.util.RegularEnumSet::isEmpty (15 bytes)
Event: 3.313 Thread 0x000001d660644080 nmethod 1796 0x000001d64dc13a10 code [0x000001d64dc13ba0, 0x000001d64dc13d10]

GC Heap History (4 events):
Event: 1.092 GC heap before
{Heap before GC invocations=0 (full 0):
 garbage-first heap   total 57344K, used 12288K [0x00000000c8c00000, 0x0000000100000000)
  region size 1024K, 13 young (13312K), 0 survivors (0K)
 Metaspace       used 2447K, committed 2624K, reserved 1114112K
  class space    used 251K, committed 320K, reserved 1048576K
}
Event: 1.098 GC heap after
{Heap after GC invocations=1 (full 0):
 garbage-first heap   total 57344K, used 1864K [0x00000000c8c00000, 0x0000000100000000)
  region size 1024K, 2 young (2048K), 2 survivors (2048K)
 Metaspace       used 2447K, committed 2624K, reserved 1114112K
  class space    used 251K, committed 320K, reserved 1048576K
}
Event: 2.145 GC heap before
{Heap before GC invocations=1 (full 0):
 garbage-first heap   total 57344K, used 23368K [0x00000000c8c00000, 0x0000000100000000)
  region size 1024K, 24 young (24576K), 2 survivors (2048K)
 Metaspace       used 8633K, committed 8896K, reserved 1114112K
  class space    used 1075K, committed 1216K, reserved 1048576K
}
Event: 2.154 GC heap after
{Heap after GC invocations=2 (full 0):
 garbage-first heap   total 57344K, used 5378K [0x00000000c8c00000, 0x0000000100000000)
  region size 1024K, 3 young (3072K), 3 survivors (3072K)
 Metaspace       used 8633K, committed 8896K, reserved 1114112K
  class space    used 1075K, committed 1216K, reserved 1048576K
}

Dll operation events (20 events):
Event: 0.984 Loaded shared library C:\Users\feday\.openjfx\cache\17.0.2-ea\api-ms-win-crt-heap-l1-1-0.dll
Event: 0.989 Loaded shared library C:\Users\feday\.openjfx\cache\17.0.2-ea\api-ms-win-crt-locale-l1-1-0.dll
Event: 0.994 Loaded shared library C:\Users\feday\.openjfx\cache\17.0.2-ea\api-ms-win-crt-math-l1-1-0.dll
Event: 0.999 Loaded shared library C:\Users\feday\.openjfx\cache\17.0.2-ea\api-ms-win-crt-multibyte-l1-1-0.dll
Event: 1.004 Loaded shared library C:\Users\feday\.openjfx\cache\17.0.2-ea\api-ms-win-crt-private-l1-1-0.dll
Event: 1.010 Loaded shared library C:\Users\feday\.openjfx\cache\17.0.2-ea\api-ms-win-crt-process-l1-1-0.dll
Event: 1.015 Loaded shared library C:\Users\feday\.openjfx\cache\17.0.2-ea\api-ms-win-crt-runtime-l1-1-0.dll
Event: 1.020 Loaded shared library C:\Users\feday\.openjfx\cache\17.0.2-ea\api-ms-win-crt-stdio-l1-1-0.dll
Event: 1.025 Loaded shared library C:\Users\feday\.openjfx\cache\17.0.2-ea\api-ms-win-crt-string-l1-1-0.dll
Event: 1.030 Loaded shared library C:\Users\feday\.openjfx\cache\17.0.2-ea\api-ms-win-crt-time-l1-1-0.dll
Event: 1.036 Loaded shared library C:\Users\feday\.openjfx\cache\17.0.2-ea\api-ms-win-crt-utility-l1-1-0.dll
Event: 1.057 Loaded shared library C:\Users\feday\.openjfx\cache\17.0.2-ea\ucrtbase.dll
Event: 1.064 Loaded shared library C:\Users\feday\.openjfx\cache\17.0.2-ea\vcruntime140.dll
Event: 1.070 Loaded shared library C:\Users\feday\.openjfx\cache\17.0.2-ea\vcruntime140_1.dll
Event: 1.084 Loaded shared library C:\Users\feday\.openjfx\cache\17.0.2-ea\msvcp140.dll
Event: 1.118 Loaded shared library C:\Users\feday\.jdks\openjdk-21.0.1\bin\jimage.dll
Event: 1.283 Loaded shared library C:\Users\feday\.openjfx\cache\17.0.2-ea\prism_d3d.dll
Event: 1.494 Loaded shared library C:\Users\feday\.openjfx\cache\17.0.2-ea\glass.dll
Event: 2.060 Loaded shared library C:\Users\feday\.openjfx\cache\17.0.2-ea\javafx_iio.dll
Event: 2.471 Loaded shared library C:\Users\feday\.openjfx\cache\17.0.2-ea\javafx_font.dll

Deoptimization events (20 events):
Event: 3.052 Thread 0x000001d6654d1f90 Uncommon trap: trap_request=0xffffffde fr.pc=0x000001d6553b0848 relative=0x00000000000001a8
Event: 3.052 Thread 0x000001d6654d1f90 Uncommon trap: reason=class_check action=maybe_recompile pc=0x000001d6553b0848 method=java.lang.String.equals(Ljava/lang/Object;)Z @ 8 c2
Event: 3.052 Thread 0x000001d6654d1f90 DEOPT PACKING pc=0x000001d6553b0848 sp=0x0000008de4ffd9b0
Event: 3.052 Thread 0x000001d6654d1f90 DEOPT UNPACKING pc=0x000001d654e546a2 sp=0x0000008de4ffd948 mode 2
Event: 3.052 Thread 0x000001d6654d1f90 Uncommon trap: trap_request=0xffffffde fr.pc=0x000001d6553b0848 relative=0x00000000000001a8
Event: 3.052 Thread 0x000001d6654d1f90 Uncommon trap: reason=class_check action=maybe_recompile pc=0x000001d6553b0848 method=java.lang.String.equals(Ljava/lang/Object;)Z @ 8 c2
Event: 3.052 Thread 0x000001d6654d1f90 DEOPT PACKING pc=0x000001d6553b0848 sp=0x0000008de4ffd8c0
Event: 3.052 Thread 0x000001d6654d1f90 DEOPT UNPACKING pc=0x000001d654e546a2 sp=0x0000008de4ffd858 mode 2
Event: 3.052 Thread 0x000001d6654d1f90 Uncommon trap: trap_request=0xffffffde fr.pc=0x000001d6553b0848 relative=0x00000000000001a8
Event: 3.052 Thread 0x000001d6654d1f90 Uncommon trap: reason=class_check action=maybe_recompile pc=0x000001d6553b0848 method=java.lang.String.equals(Ljava/lang/Object;)Z @ 8 c2
Event: 3.052 Thread 0x000001d6654d1f90 DEOPT PACKING pc=0x000001d6553b0848 sp=0x0000008de4ffd8c0
Event: 3.052 Thread 0x000001d6654d1f90 DEOPT UNPACKING pc=0x000001d654e546a2 sp=0x0000008de4ffd858 mode 2
Event: 3.052 Thread 0x000001d6654d1f90 Uncommon trap: trap_request=0xffffffde fr.pc=0x000001d6553b0848 relative=0x00000000000001a8
Event: 3.052 Thread 0x000001d6654d1f90 Uncommon trap: reason=class_check action=maybe_recompile pc=0x000001d6553b0848 method=java.lang.String.equals(Ljava/lang/Object;)Z @ 8 c2
Event: 3.052 Thread 0x000001d6654d1f90 DEOPT PACKING pc=0x000001d6553b0848 sp=0x0000008de4ffd9b0
Event: 3.052 Thread 0x000001d6654d1f90 DEOPT UNPACKING pc=0x000001d654e546a2 sp=0x0000008de4ffd948 mode 2
Event: 3.100 Thread 0x000001d6654d1f90 Uncommon trap: trap_request=0xffffff45 fr.pc=0x000001d6553ed674 relative=0x00000000000001d4
Event: 3.100 Thread 0x000001d6654d1f90 Uncommon trap: reason=unstable_if action=reinterpret pc=0x000001d6553ed674 method=java.lang.StringUTF16.compress([CI[BII)I @ 20 c2
Event: 3.100 Thread 0x000001d6654d1f90 DEOPT PACKING pc=0x000001d6553ed674 sp=0x0000008de4ffce90
Event: 3.100 Thread 0x000001d6654d1f90 DEOPT UNPACKING pc=0x000001d654e546a2 sp=0x0000008de4ffce00 mode 2

Classes loaded (20 events):
Event: 2.599 Loading class java/lang/annotation/Documented
Event: 2.600 Loading class java/lang/annotation/Documented done
Event: 2.602 Loading class java/lang/reflect/UndeclaredThrowableException
Event: 2.602 Loading class java/lang/reflect/UndeclaredThrowableException done
Event: 2.605 Loading class java/lang/Class$AnnotationData
Event: 2.605 Loading class java/lang/Class$AnnotationData done
Event: 2.672 Loading class com/sun/org/apache/xerces/internal/impl/io/MalformedByteSequenceException
Event: 2.673 Loading class java/io/CharConversionException
Event: 2.673 Loading class java/io/CharConversionException done
Event: 2.673 Loading class com/sun/org/apache/xerces/internal/impl/io/MalformedByteSequenceException done
Event: 2.726 Loading class java/io/CharArrayReader
Event: 2.726 Loading class java/io/CharArrayReader done
Event: 2.864 Loading class java/util/ConcurrentModificationException
Event: 2.864 Loading class java/util/ConcurrentModificationException done
Event: 2.993 Loading class jdk/jfr/FlightRecorder
Event: 2.994 Loading class jdk/jfr/FlightRecorder done
Event: 3.100 Loading class sun/nio/cs/UTF_16BE$Decoder
Event: 3.100 Loading class sun/nio/cs/UnicodeDecoder
Event: 3.100 Loading class sun/nio/cs/UnicodeDecoder done
Event: 3.100 Loading class sun/nio/cs/UTF_16BE$Decoder done

Classes unloaded (0 events):
No events

Classes redefined (0 events):
No events

Internal exceptions (20 events):
Event: 2.077 Thread 0x000001d6654d1f90 Exception <a 'java/lang/NoSuchMethodError'{0x00000000cad9bea0}: 'double java.lang.invoke.DelegatingMethodHandle$Holder.reinvoke_L(java.lang.Object, java.lang.Object, int)'> (0x00000000cad9bea0) 
thrown [s\open\src\hotspot\share\interpreter\linkResolver.cpp, line 773]
Event: 2.079 Thread 0x000001d6654d1f90 Exception <a 'java/lang/NoSuchMethodError'{0x00000000cadadc10}: 'java.lang.Object java.lang.invoke.DirectMethodHandle$Holder.invokeStatic(java.lang.Object, java.lang.Object, java.lang.Object, java.lang.Object, int)'> (0x00000000cadadc10) 
thrown [s\open\src\hotspot\share\interpreter\linkResolver.cpp, line 773]
Event: 2.081 Thread 0x000001d6654d1f90 Exception <a 'java/lang/NoSuchMethodError'{0x00000000cadb8d40}: 'void java.lang.invoke.DelegatingMethodHandle$Holder.reinvoke_L(java.lang.Object, java.lang.Object, double)'> (0x00000000cadb8d40) 
thrown [s\open\src\hotspot\share\interpreter\linkResolver.cpp, line 773]
Event: 2.088 Thread 0x000001d6654d1f90 Exception <a 'java/lang/NoSuchMethodError'{0x00000000cadd5118}: 'void java.lang.invoke.DirectMethodHandle$Holder.invokeSpecial(java.lang.Object, java.lang.Object, int)'> (0x00000000cadd5118) 
thrown [s\open\src\hotspot\share\interpreter\linkResolver.cpp, line 773]
Event: 2.088 Thread 0x000001d6654d1f90 Exception <a 'java/lang/NoSuchMethodError'{0x00000000cadd9350}: 'int java.lang.invoke.DirectMethodHandle$Holder.invokeSpecial(java.lang.Object, java.lang.Object, java.lang.Object, int)'> (0x00000000cadd9350) 
thrown [s\open\src\hotspot\share\interpreter\linkResolver.cpp, line 773]
Event: 2.090 Thread 0x000001d6654d1f90 Exception <a 'java/lang/NoSuchMethodError'{0x00000000cade3578}: 'void java.lang.invoke.DelegatingMethodHandle$Holder.reinvoke_L(java.lang.Object, java.lang.Object, int)'> (0x00000000cade3578) 
thrown [s\open\src\hotspot\share\interpreter\linkResolver.cpp, line 773]
Event: 2.091 Thread 0x000001d6654d1f90 Exception <a 'java/lang/NoSuchMethodError'{0x00000000cadea1d0}: 'int java.lang.invoke.DirectMethodHandle$Holder.invokeSpecial(java.lang.Object, java.lang.Object, java.lang.Object)'> (0x00000000cadea1d0) 
thrown [s\open\src\hotspot\share\interpreter\linkResolver.cpp, line 773]
Event: 2.316 Thread 0x000001d6654d1f90 Exception <a 'java/lang/ClassNotFoundException'{0x00000000cc2ec6a8}: com/sun/glass/ui/win/themes> (0x00000000cc2ec6a8) 
thrown [s\open\src\hotspot\share\prims\jni.cpp, line 539]
Event: 2.319 Thread 0x000001d6654d1f90 Exception <a 'java/lang/ClassNotFoundException'{0x00000000cc2f46f8}: com/sun/glass/ui/win/themes_ru> (0x00000000cc2f46f8) 
thrown [s\open\src\hotspot\share\prims\jni.cpp, line 539]
Event: 2.320 Thread 0x000001d6654d1f90 Exception <a 'java/lang/ClassNotFoundException'{0x00000000cc2f54d0}: com/sun/glass/ui/win/themes_ru_RU> (0x00000000cc2f54d0) 
thrown [s\open\src\hotspot\share\prims\jni.cpp, line 539]
Event: 2.590 Thread 0x000001d6654d1f90 Exception <a 'java/lang/NoSuchMethodError'{0x00000000cbcf9770}: 'void java.lang.invoke.DirectMethodHandle$Holder.invokeStaticInit(java.lang.Object, java.lang.Object)'> (0x00000000cbcf9770) 
thrown [s\open\src\hotspot\share\interpreter\linkResolver.cpp, line 773]
Event: 2.631 Thread 0x000001d6654d1f90 Exception <a 'java/lang/NoSuchMethodError'{0x00000000cbbb0588}: 'void java.lang.invoke.Invokers$Holder.invokeExact_MT(java.lang.Object, java.lang.Object, java.lang.Object, java.lang.Object)'> (0x00000000cbbb0588) 
thrown [s\open\src\hotspot\share\interpreter\linkResolver.cpp, line 773]
Event: 2.713 Thread 0x000001d6654d1f90 Implicit null exception at 0x000001d6553c5a29 to 0x000001d6553c5d60
Event: 2.722 Thread 0x000001d6654d1f90 Implicit null exception at 0x000001d655422ada to 0x000001d655422de8
Event: 2.723 Thread 0x000001d6654d1f90 Implicit null exception at 0x000001d655420bdc to 0x000001d655420ee0
Event: 3.120 Thread 0x000001d6654d1f90 Exception <a 'java/lang/IncompatibleClassChangeError'{0x00000000caf1df20}: Found class java.lang.Object, but interface was expected> (0x00000000caf1df20) 
thrown [s\open\src\hotspot\share\interpreter\linkResolver.cpp, line 840]
Event: 3.204 Thread 0x000001d6654d1f90 Exception <a 'java/lang/ClassNotFoundException'{0x00000000cac2afb0}: com/sun/javafx/scene/control/skin/resources/controls> (0x00000000cac2afb0) 
thrown [s\open\src\hotspot\share\prims\jni.cpp, line 539]
Event: 3.206 Thread 0x000001d6654d1f90 Exception <a 'java/lang/ClassNotFoundException'{0x00000000cac38f68}: com/sun/javafx/scene/control/skin/resources/controls_ru> (0x00000000cac38f68) 
thrown [s\open\src\hotspot\share\prims\jni.cpp, line 539]
Event: 3.206 Thread 0x000001d6654d1f90 Exception <a 'java/lang/ClassNotFoundException'{0x00000000cac39f10}: com/sun/javafx/scene/control/skin/resources/controls_ru_RU> (0x00000000cac39f10) 
thrown [s\open\src\hotspot\share\prims\jni.cpp, line 539]
Event: 3.261 Thread 0x000001d6654d1f90 Exception <a 'java/lang/NoSuchMethodError'{0x00000000ca8cf400}: 'void java.lang.invoke.DirectMethodHandle$Holder.invokeSpecial(java.lang.Object, java.lang.Object, java.lang.Object, java.lang.Object, java.lang.Object, java.lang.Object)'> (0x00000000ca8cf400) 
thrown [s\open\src\hotspot\share\interpreter\linkResolver.cpp, line 773]

ZGC Phase Switch (0 events):
No events

VM Operations (14 events):
Event: 0.376 Executing VM operation: HandshakeAllThreads (Deoptimize)
Event: 0.376 Executing VM operation: HandshakeAllThreads (Deoptimize) done
Event: 0.376 Executing VM operation: HandshakeAllThreads (Deoptimize)
Event: 0.376 Executing VM operation: HandshakeAllThreads (Deoptimize) done
Event: 1.092 Executing VM operation: G1CollectForAllocation (G1 Evacuation Pause)
Event: 1.098 Executing VM operation: G1CollectForAllocation (G1 Evacuation Pause) done
Event: 1.405 Executing VM operation: HandshakeAllThreads (Deoptimize)
Event: 1.405 Executing VM operation: HandshakeAllThreads (Deoptimize) done
Event: 1.943 Executing VM operation: HandshakeAllThreads (Deoptimize)
Event: 1.943 Executing VM operation: HandshakeAllThreads (Deoptimize) done
Event: 2.145 Executing VM operation: G1CollectForAllocation (G1 Evacuation Pause)
Event: 2.155 Executing VM operation: G1CollectForAllocation (G1 Evacuation Pause) done
Event: 2.481 Executing VM operation: HandshakeAllThreads (Deoptimize)
Event: 2.481 Executing VM operation: HandshakeAllThreads (Deoptimize) done

Events (18 events):
Event: 0.076 Thread 0x000001d643a813d0 Thread added: 0x000001d643a813d0
Event: 0.110 Thread 0x000001d660635470 Thread added: 0x000001d660635470
Event: 0.112 Thread 0x000001d660636390 Thread added: 0x000001d660636390
Event: 0.114 Thread 0x000001d6606384f0 Thread added: 0x000001d6606384f0
Event: 0.115 Thread 0x000001d66063b060 Thread added: 0x000001d66063b060
Event: 0.115 Thread 0x000001d66063bac0 Thread added: 0x000001d66063bac0
Event: 0.115 Thread 0x000001d66063d530 Thread added: 0x000001d66063d530
Event: 0.115 Thread 0x000001d66063e2c0 Thread added: 0x000001d66063e2c0
Event: 0.116 Thread 0x000001d660644080 Thread added: 0x000001d660644080
Event: 0.212 Thread 0x000001d660875f10 Thread added: 0x000001d660875f10
Event: 0.667 Thread 0x000001d660a1c4b0 Thread added: 0x000001d660a1c4b0
Event: 0.667 Thread 0x000001d660b1aa20 Thread added: 0x000001d660b1aa20
Event: 1.165 Thread 0x000001d665455bc0 Thread added: 0x000001d665455bc0
Event: 1.497 Thread 0x000001d6654d9780 Thread added: 0x000001d6654d9780
Event: 1.502 Thread 0x000001d6654d1f90 Thread added: 0x000001d6654d1f90
Event: 1.666 Thread 0x000001d665669840 Thread added: 0x000001d665669840
Event: 1.676 Thread 0x000001d6656a4bb0 Thread added: 0x000001d6656a4bb0
Event: 3.114 Thread 0x000001d66aa0ea60 Thread added: 0x000001d66aa0ea60


Dynamic libraries:
0x00007ff71f380000 - 0x00007ff71f38e000 	C:\Users\feday\.jdks\openjdk-21.0.1\bin\java.exe
0x00007ff9c9e50000 - 0x00007ff9ca067000 	C:\WINDOWS\SYSTEM32\ntdll.dll
0x00007ff9c8650000 - 0x00007ff9c8714000 	C:\WINDOWS\System32\KERNEL32.DLL
0x00007ff9c7290000 - 0x00007ff9c7636000 	C:\WINDOWS\System32\KERNELBASE.dll
0x00007ff9c7760000 - 0x00007ff9c7871000 	C:\WINDOWS\System32\ucrtbase.dll
0x00007ff9b6a50000 - 0x00007ff9b6a6b000 	C:\Users\feday\.jdks\openjdk-21.0.1\bin\VCRUNTIME140.dll
0x00007ff9c0c40000 - 0x00007ff9c0c58000 	C:\Users\feday\.jdks\openjdk-21.0.1\bin\jli.dll
0x00007ff9c9c60000 - 0x00007ff9c9e0d000 	C:\WINDOWS\System32\USER32.dll
0x00007ff9c79f0000 - 0x00007ff9c7a16000 	C:\WINDOWS\System32\win32u.dll
0x00007ff9addd0000 - 0x00007ff9ae063000 	C:\WINDOWS\WinSxS\amd64_microsoft.windows.common-controls_6595b64144ccf1df_6.0.22621.2361_none_2712ced57382f843\COMCTL32.dll
0x00007ff9c8d10000 - 0x00007ff9c8d39000 	C:\WINDOWS\System32\GDI32.dll
0x00007ff9c8940000 - 0x00007ff9c89e7000 	C:\WINDOWS\System32\msvcrt.dll
0x00007ff9c7640000 - 0x00007ff9c7758000 	C:\WINDOWS\System32\gdi32full.dll
0x00007ff9c7a90000 - 0x00007ff9c7b2a000 	C:\WINDOWS\System32\msvcp_win.dll
0x00007ff9c7cd0000 - 0x00007ff9c7d01000 	C:\WINDOWS\System32\IMM32.DLL
0x00007ff9c2470000 - 0x00007ff9c247c000 	C:\Users\feday\.jdks\openjdk-21.0.1\bin\vcruntime140_1.dll
0x00007ff9ab320000 - 0x00007ff9ab3ae000 	C:\Users\feday\.jdks\openjdk-21.0.1\bin\msvcp140.dll
0x00007ff992b80000 - 0x00007ff993895000 	C:\Users\feday\.jdks\openjdk-21.0.1\bin\server\jvm.dll
0x00007ff9c81a0000 - 0x00007ff9c8250000 	C:\WINDOWS\System32\ADVAPI32.dll
0x00007ff9c8380000 - 0x00007ff9c8426000 	C:\WINDOWS\System32\sechost.dll
0x00007ff9c8430000 - 0x00007ff9c8547000 	C:\WINDOWS\System32\RPCRT4.dll
0x00007ff9c8e20000 - 0x00007ff9c8e91000 	C:\WINDOWS\System32\WS2_32.dll
0x00007ff9c70a0000 - 0x00007ff9c70ed000 	C:\WINDOWS\SYSTEM32\POWRPROF.dll
0x00007ff9c0ba0000 - 0x00007ff9c0bd4000 	C:\WINDOWS\SYSTEM32\WINMM.dll
0x00007ff9bfd80000 - 0x00007ff9bfd8a000 	C:\WINDOWS\SYSTEM32\VERSION.dll
0x00007ff9c7080000 - 0x00007ff9c7093000 	C:\WINDOWS\SYSTEM32\UMPDC.dll
0x00007ff9c6210000 - 0x00007ff9c6228000 	C:\WINDOWS\SYSTEM32\kernel.appcore.dll
0x00007ff9bc980000 - 0x00007ff9bc98a000 	C:\Users\feday\.jdks\openjdk-21.0.1\bin\jimage.dll
0x00007ff9c4bf0000 - 0x00007ff9c4e1e000 	C:\WINDOWS\SYSTEM32\DBGHELP.DLL
0x00007ff9c7d10000 - 0x00007ff9c809a000 	C:\WINDOWS\System32\combase.dll
0x00007ff9c8d40000 - 0x00007ff9c8e17000 	C:\WINDOWS\System32\OLEAUT32.dll
0x00007ff9b6950000 - 0x00007ff9b6982000 	C:\WINDOWS\SYSTEM32\dbgcore.DLL
0x00007ff9c7b30000 - 0x00007ff9c7baa000 	C:\WINDOWS\System32\bcryptPrimitives.dll
0x00007ff9c0da0000 - 0x00007ff9c0daf000 	C:\Users\feday\.jdks\openjdk-21.0.1\bin\instrument.dll
0x00007ff9b6110000 - 0x00007ff9b612f000 	C:\Users\feday\.jdks\openjdk-21.0.1\bin\java.dll
0x00007ff9c8ef0000 - 0x00007ff9c9748000 	C:\WINDOWS\System32\SHELL32.dll
0x00007ff9c5130000 - 0x00007ff9c5a22000 	C:\WINDOWS\SYSTEM32\windows.storage.dll
0x00007ff9c4ff0000 - 0x00007ff9c512e000 	C:\WINDOWS\SYSTEM32\wintypes.dll
0x00007ff9c8550000 - 0x00007ff9c8643000 	C:\WINDOWS\System32\SHCORE.dll
0x00007ff9c8250000 - 0x00007ff9c82ae000 	C:\WINDOWS\System32\shlwapi.dll
0x00007ff9c7100000 - 0x00007ff9c7126000 	C:\WINDOWS\SYSTEM32\profapi.dll
0x00007ff9ab240000 - 0x00007ff9ab317000 	C:\Users\feday\.jdks\openjdk-21.0.1\bin\jsvml.dll
0x00007ff9bb3b0000 - 0x00007ff9bb3c0000 	C:\Users\feday\.jdks\openjdk-21.0.1\bin\net.dll
0x00007ff9c0960000 - 0x00007ff9c0a97000 	C:\WINDOWS\SYSTEM32\WINHTTP.dll
0x00007ff9c6690000 - 0x00007ff9c66f9000 	C:\WINDOWS\system32\mswsock.dll
0x00007ff9b5ad0000 - 0x00007ff9b5ae6000 	C:\Users\feday\.jdks\openjdk-21.0.1\bin\nio.dll
0x00007ff9b5ab0000 - 0x00007ff9b5ac8000 	C:\Users\feday\.jdks\openjdk-21.0.1\bin\zip.dll
0x00007ff9ac700000 - 0x00007ff9ac71a000 	C:\Program Files\JetBrains\IntelliJ IDEA Community Edition 2023.2.4\bin\breakgen64.dll
0x000001d660c00000 - 0x000001d660c03000 	C:\Users\feday\.openjfx\cache\17.0.2-ea\api-ms-win-core-console-l1-1-0.dll
0x000001d660c10000 - 0x000001d660c13000 	C:\Users\feday\.openjfx\cache\17.0.2-ea\api-ms-win-core-console-l1-2-0.dll
0x000001d660c20000 - 0x000001d660c23000 	C:\Users\feday\.openjfx\cache\17.0.2-ea\api-ms-win-core-datetime-l1-1-0.dll
0x000001d660c30000 - 0x000001d660c33000 	C:\Users\feday\.openjfx\cache\17.0.2-ea\api-ms-win-core-debug-l1-1-0.dll
0x000001d660c40000 - 0x000001d660c43000 	C:\Users\feday\.openjfx\cache\17.0.2-ea\api-ms-win-core-errorhandling-l1-1-0.dll
0x000001d660c50000 - 0x000001d660c54000 	C:\Users\feday\.openjfx\cache\17.0.2-ea\api-ms-win-core-file-l1-1-0.dll
0x000001d660c60000 - 0x000001d660c63000 	C:\Users\feday\.openjfx\cache\17.0.2-ea\api-ms-win-core-file-l1-2-0.dll
0x000001d660c70000 - 0x000001d660c73000 	C:\Users\feday\.openjfx\cache\17.0.2-ea\api-ms-win-core-file-l2-1-0.dll
0x000001d660c80000 - 0x000001d660c83000 	C:\Users\feday\.openjfx\cache\17.0.2-ea\api-ms-win-core-handle-l1-1-0.dll
0x000001d660c90000 - 0x000001d660c93000 	C:\Users\feday\.openjfx\cache\17.0.2-ea\api-ms-win-core-heap-l1-1-0.dll
0x000001d660ca0000 - 0x000001d660ca3000 	C:\Users\feday\.openjfx\cache\17.0.2-ea\api-ms-win-core-interlocked-l1-1-0.dll
0x000001d660cb0000 - 0x000001d660cb3000 	C:\Users\feday\.openjfx\cache\17.0.2-ea\api-ms-win-core-libraryloader-l1-1-0.dll
0x000001d660cc0000 - 0x000001d660cc3000 	C:\Users\feday\.openjfx\cache\17.0.2-ea\api-ms-win-core-localization-l1-2-0.dll
0x000001d660cd0000 - 0x000001d660cd3000 	C:\Users\feday\.openjfx\cache\17.0.2-ea\api-ms-win-core-memory-l1-1-0.dll
0x000001d660ce0000 - 0x000001d660ce3000 	C:\Users\feday\.openjfx\cache\17.0.2-ea\api-ms-win-core-namedpipe-l1-1-0.dll
0x000001d660cf0000 - 0x000001d660cf3000 	C:\Users\feday\.openjfx\cache\17.0.2-ea\api-ms-win-core-processenvironment-l1-1-0.dll
0x000001d660d00000 - 0x000001d660d03000 	C:\Users\feday\.openjfx\cache\17.0.2-ea\api-ms-win-core-processthreads-l1-1-0.dll
0x000001d660d10000 - 0x000001d660d13000 	C:\Users\feday\.openjfx\cache\17.0.2-ea\api-ms-win-core-processthreads-l1-1-1.dll
0x000001d660d20000 - 0x000001d660d23000 	C:\Users\feday\.openjfx\cache\17.0.2-ea\api-ms-win-core-profile-l1-1-0.dll
0x000001d660d30000 - 0x000001d660d33000 	C:\Users\feday\.openjfx\cache\17.0.2-ea\api-ms-win-core-rtlsupport-l1-1-0.dll
0x000001d660d40000 - 0x000001d660d43000 	C:\Users\feday\.openjfx\cache\17.0.2-ea\api-ms-win-core-string-l1-1-0.dll
0x000001d660d50000 - 0x000001d660d53000 	C:\Users\feday\.openjfx\cache\17.0.2-ea\api-ms-win-core-synch-l1-1-0.dll
0x000001d660d60000 - 0x000001d660d63000 	C:\Users\feday\.openjfx\cache\17.0.2-ea\api-ms-win-core-synch-l1-2-0.dll
0x000001d660d70000 - 0x000001d660d73000 	C:\Users\feday\.openjfx\cache\17.0.2-ea\api-ms-win-core-sysinfo-l1-1-0.dll
0x000001d660d80000 - 0x000001d660d83000 	C:\Users\feday\.openjfx\cache\17.0.2-ea\api-ms-win-core-timezone-l1-1-0.dll
0x000001d660d90000 - 0x000001d660d93000 	C:\Users\feday\.openjfx\cache\17.0.2-ea\api-ms-win-core-util-l1-1-0.dll
0x000001d660da0000 - 0x000001d660da3000 	C:\Users\feday\.openjfx\cache\17.0.2-ea\api-ms-win-crt-conio-l1-1-0.dll
0x000001d660db0000 - 0x000001d660db4000 	C:\Users\feday\.openjfx\cache\17.0.2-ea\api-ms-win-crt-convert-l1-1-0.dll
0x000001d660dc0000 - 0x000001d660dc3000 	C:\Users\feday\.openjfx\cache\17.0.2-ea\api-ms-win-crt-environment-l1-1-0.dll
0x000001d660dd0000 - 0x000001d660dd3000 	C:\Users\feday\.openjfx\cache\17.0.2-ea\api-ms-win-crt-filesystem-l1-1-0.dll
0x000001d660de0000 - 0x000001d660de3000 	C:\Users\feday\.openjfx\cache\17.0.2-ea\api-ms-win-crt-heap-l1-1-0.dll
0x000001d660df0000 - 0x000001d660df3000 	C:\Users\feday\.openjfx\cache\17.0.2-ea\api-ms-win-crt-locale-l1-1-0.dll
0x000001d660e00000 - 0x000001d660e05000 	C:\Users\feday\.openjfx\cache\17.0.2-ea\api-ms-win-crt-math-l1-1-0.dll
0x000001d660e10000 - 0x000001d660e15000 	C:\Users\feday\.openjfx\cache\17.0.2-ea\api-ms-win-crt-multibyte-l1-1-0.dll
0x000001d660e20000 - 0x000001d660e30000 	C:\Users\feday\.openjfx\cache\17.0.2-ea\api-ms-win-crt-private-l1-1-0.dll
0x000001d660e30000 - 0x000001d660e33000 	C:\Users\feday\.openjfx\cache\17.0.2-ea\api-ms-win-crt-process-l1-1-0.dll
0x000001d660e40000 - 0x000001d660e44000 	C:\Users\feday\.openjfx\cache\17.0.2-ea\api-ms-win-crt-runtime-l1-1-0.dll
0x000001d660e50000 - 0x000001d660e54000 	C:\Users\feday\.openjfx\cache\17.0.2-ea\api-ms-win-crt-stdio-l1-1-0.dll
0x000001d660e60000 - 0x000001d660e64000 	C:\Users\feday\.openjfx\cache\17.0.2-ea\api-ms-win-crt-string-l1-1-0.dll
0x000001d660e70000 - 0x000001d660e73000 	C:\Users\feday\.openjfx\cache\17.0.2-ea\api-ms-win-crt-time-l1-1-0.dll
0x000001d660e80000 - 0x000001d660e83000 	C:\Users\feday\.openjfx\cache\17.0.2-ea\api-ms-win-crt-utility-l1-1-0.dll
0x00007ff989df0000 - 0x00007ff989eec000 	C:\Users\feday\.openjfx\cache\17.0.2-ea\ucrtbase.dll
0x00007ff9ab750000 - 0x00007ff9ab76a000 	C:\Users\feday\.openjfx\cache\17.0.2-ea\vcruntime140.dll
0x00007ff9b6a20000 - 0x00007ff9b6a2c000 	C:\Users\feday\.openjfx\cache\17.0.2-ea\vcruntime140_1.dll
0x00007ff98fb60000 - 0x00007ff98fbed000 	C:\Users\feday\.openjfx\cache\17.0.2-ea\msvcp140.dll
0x00007ff9aaa70000 - 0x00007ff9aaa9a000 	C:\Users\feday\.openjfx\cache\17.0.2-ea\prism_d3d.dll
0x00007ff963d00000 - 0x00007ff963ea9000 	C:\WINDOWS\system32\d3d9.dll
0x00007ff9c4880000 - 0x00007ff9c48ab000 	C:\WINDOWS\SYSTEM32\dwmapi.dll
0x00007ff9c4550000 - 0x00007ff9c4586000 	C:\WINDOWS\SYSTEM32\dxcore.dll
0x00007ff9c4470000 - 0x00007ff9c451b000 	C:\WINDOWS\system32\uxtheme.dll
0x00007ff9b8ed0000 - 0x00007ff9b90ab000 	C:\WINDOWS\System32\DriverStore\FileRepository\u0372698.inf_amd64_2366d501a5d0e392\B370279\aticfx64.dll
0x00007ff9a5050000 - 0x00007ff9a5083000 	C:\WINDOWS\System32\DriverStore\FileRepository\u0372698.inf_amd64_2366d501a5d0e392\B370279\atiu9p64.dll
0x00007ff962fa0000 - 0x00007ff963cfa000 	C:\WINDOWS\System32\DriverStore\FileRepository\u0372698.inf_amd64_2366d501a5d0e392\B370279\atiumd64.dll
0x00007ff9c8730000 - 0x00007ff9c88cf000 	C:\WINDOWS\System32\ole32.dll
0x0000000076740000 - 0x000000007760b000 	C:\WINDOWS\System32\DriverStore\FileRepository\u0372698.inf_amd64_2366d501a5d0e392\B370279\atiumd6a.dll
0x00007ff9b6f40000 - 0x00007ff9b6f70000 	C:\WINDOWS\SYSTEM32\amdihk64.dll
0x00007ff9bb030000 - 0x00007ff9bb07a000 	C:\WINDOWS\SYSTEM32\directxdatabasehelper.dll
0x00007ff9a15e0000 - 0x00007ff9a1622000 	C:\Users\feday\.openjfx\cache\17.0.2-ea\glass.dll
0x00007ff9c80a0000 - 0x00007ff9c8199000 	C:\WINDOWS\System32\COMDLG32.dll
0x00007ff9c8bc0000 - 0x00007ff9c8d0c000 	C:\WINDOWS\System32\MSCTF.dll
0x00007ff9a91b0000 - 0x00007ff9a91dd000 	C:\Users\feday\.openjfx\cache\17.0.2-ea\javafx_iio.dll
0x00007ff9aa7c0000 - 0x00007ff9aa7d4000 	C:\Users\feday\.openjfx\cache\17.0.2-ea\javafx_font.dll
0x00007ff9c11c0000 - 0x00007ff9c1433000 	C:\WINDOWS\SYSTEM32\dwrite.dll
0x00007ff9c82d0000 - 0x00007ff9c8380000 	C:\WINDOWS\System32\clbcatq.dll
0x00007ff9c4250000 - 0x00007ff9c4400000 	C:\WINDOWS\SYSTEM32\WindowsCodecs.dll
0x00007ff9a0910000 - 0x00007ff9a096e000 	C:\WINDOWS\system32\dataexchange.dll
0x00007ff9b96e0000 - 0x00007ff9b9965000 	C:\WINDOWS\system32\twinapi.appcore.dll
0x00007ff9aaea0000 - 0x00007ff9aaed2000 	C:\Program Files\Common Files\Microsoft Shared\Ink\rtscom.dll
0x00007ff9b1a00000 - 0x00007ff9b1b4a000 	C:\WINDOWS\SYSTEM32\textinputframework.dll
0x00007ff9c2560000 - 0x00007ff9c2693000 	C:\WINDOWS\SYSTEM32\CoreMessaging.dll
0x00007ff9baa20000 - 0x00007ff9bad8c000 	C:\WINDOWS\SYSTEM32\CoreUIComponents.dll
0x00007ff9c68e0000 - 0x00007ff9c68ec000 	C:\WINDOWS\SYSTEM32\CRYPTBASE.DLL

dbghelp: loaded successfully - version: 4.0.5 - missing functions: none
symbol engine: initialized successfully - sym options: 0x614 - pdb path: .;C:\Users\feday\.jdks\openjdk-21.0.1\bin;C:\WINDOWS\SYSTEM32;C:\WINDOWS\WinSxS\amd64_microsoft.windows.common-controls_6595b64144ccf1df_6.0.22621.2361_none_2712ced57382f843;C:\Users\feday\.jdks\openjdk-21.0.1\bin\server;C:\Program Files\JetBrains\IntelliJ IDEA Community Edition 2023.2.4\bin;C:\Users\feday\.openjfx\cache\17.0.2-ea;C:\WINDOWS\System32\DriverStore\FileRepository\u0372698.inf_amd64_2366d501a5d0e392\B370279;C:\Program Files\Common Files\Microsoft Shared\Ink

VM Arguments:
jvm_args: -javaagent:C:\Program Files\JetBrains\IntelliJ IDEA Community Edition 2023.2.4\lib\idea_rt.jar=57096:C:\Program Files\JetBrains\IntelliJ IDEA Community Edition 2023.2.4\bin -Dfile.encoding=UTF-8 -Dsun.stdout.encoding=UTF-8 -Dsun.stderr.encoding=UTF-8 --module-path=C:\Users\feday\.m2\repository\org\openjfx\javafx-base\17.0.2\javafx-base-17.0.2-win.jar;C:\Users\feday\.m2\repository\org\openjfx\javafx-controls\17.0.2\javafx-controls-17.0.2-win.jar;C:\Users\feday\IdeaProjects\kurs\target\classes;C:\Users\feday\.m2\repository\org\openjfx\javafx-fxml\17.0.2\javafx-fxml-17.0.2-win.jar;C:\Users\feday\.m2\repository\org\openjfx\javafx-graphics\17.0.2\javafx-graphics-17.0.2-win.jar -Djdk.module.main=com.example.kurs 
java_command: com.example.kurs/com.example.kurs.HelloApplication
java_class_path (initial): C:\Users\feday\.m2\repository\org\openjfx\javafx-controls\17.0.2\javafx-controls-17.0.2.jar;C:\Users\feday\.m2\repository\org\openjfx\javafx-graphics\17.0.2\javafx-graphics-17.0.2.jar;C:\Users\feday\.m2\repository\org\openjfx\javafx-base\17.0.2\javafx-base-17.0.2.jar;C:\Users\feday\.m2\repository\org\openjfx\javafx-fxml\17.0.2\javafx-fxml-17.0.2.jar
Launcher Type: SUN_STANDARD

[Global flags]
     intx CICompilerCount                          = 3                                         {product} {ergonomic}
     uint ConcGCThreads                            = 1                                         {product} {ergonomic}
     uint G1ConcRefinementThreads                  = 4                                         {product} {ergonomic}
   size_t G1HeapRegionSize                         = 1048576                                   {product} {ergonomic}
    uintx GCDrainStackTargetSize                   = 64                                        {product} {ergonomic}
   size_t InitialHeapSize                          = 58720256                                  {product} {ergonomic}
   size_t MarkStackSize                            = 4194304                                   {product} {ergonomic}
   size_t MaxHeapSize                              = 926941184                                 {product} {ergonomic}
   size_t MaxNewSize                               = 555745280                                 {product} {ergonomic}
   size_t MinHeapDeltaBytes                        = 1048576                                   {product} {ergonomic}
   size_t MinHeapSize                              = 8388608                                   {product} {ergonomic}
    uintx NonNMethodCodeHeapSize                   = 5832780                                {pd product} {ergonomic}
    uintx NonProfiledCodeHeapSize                  = 122912730                              {pd product} {ergonomic}
    uintx ProfiledCodeHeapSize                     = 122912730                              {pd product} {ergonomic}
    uintx ReservedCodeCacheSize                    = 251658240                              {pd product} {ergonomic}
     bool SegmentedCodeCache                       = true                                      {product} {ergonomic}
   size_t SoftMaxHeapSize                          = 926941184                              {manageable} {ergonomic}
     bool UseCompressedOops                        = true                           {product lp64_product} {ergonomic}
     bool UseG1GC                                  = true                                      {product} {ergonomic}
     bool UseLargePagesIndividualAllocation        = false                                  {pd product} {ergonomic}

Logging:
Log output configuration:
 #0: stdout all=warning uptime,level,tags foldmultilines=false
 #1: stderr all=off uptime,level,tags foldmultilines=false

Environment Variables:
PATH=C:\WINDOWS\system32;C:\WINDOWS;C:\WINDOWS\System32\Wbem;C:\WINDOWS\System32\WindowsPowerShell\v1.0\;C:\WINDOWS\System32\OpenSSH\;C:\Program Files\MySQL\MySQL Shell 8.0\bin\;C:\Users\feday\AppData\Local\Microsoft\WindowsApps;;C:\Program Files\JetBrains\IntelliJ IDEA Community Edition 2023.2.4\bin;
USERNAME=feday
OS=Windows_NT
PROCESSOR_IDENTIFIER=AMD64 Family 23 Model 24 Stepping 1, AuthenticAMD
TMP=C:\Users\feday\AppData\Local\Temp
TEMP=C:\Users\feday\AppData\Local\Temp




Periodic native trim disabled

---------------  S Y S T E M  ---------------

OS:
 Windows 11 , 64 bit Build 22621 (10.0.22621.2428)
OS uptime: 4 days 3:10 hours

CPU: total 4 (initial active 4) (4 cores per cpu, 2 threads per core) family 23 model 24 stepping 1 microcode 0x0, cx8, cmov, fxsr, ht, mmx, 3dnowpref, sse, sse2, sse3, ssse3, sse4a, sse4.1, sse4.2, popcnt, lzcnt, tsc, tscinvbit, avx, avx2, aes, clmul, bmi1, bmi2, adx, sha, fma, vzeroupper, clflush, clflushopt, rdtscp, f16c
Processor Information for all 4 processors :
  Max Mhz: 2400, Current Mhz: 2400, Mhz Limit: 2400

Memory: 4k page, system-wide physical 3530M (124M free)
TotalPageFile size 14282M (AvailPageFile size 4M)
current process WorkingSet (physical memory assigned to process): 130M, peak: 130M
current process commit charge ("private bytes"): 182M, peak: 182M

vm_info: OpenJDK 64-Bit Server VM (21.0.1+12-29) for windows-amd64 JRE (21.0.1+12-29), built on 2023-10-05T13:27:09Z by "mach5one" with MS VC++ 17.1 (VS2022)

END.
